cl : command line  warning D9035: option 'Gm' has been deprecated and will be removed in a future release
  InitShader.cpp
  example1.cpp
C:\Users\van46\Documents\Computer-Graphic\BaiTHso6_2_Projection_View_Model\BaiTHso6_2_Projection_View_Model\GLSLExperiment\example1.cpp(43,21): warning C4305: 'argument': truncation from 'double' to 'GLfloat'
C:\Users\van46\Documents\Computer-Graphic\BaiTHso6_2_Projection_View_Model\BaiTHso6_2_Projection_View_Model\GLSLExperiment\example1.cpp(126,16): warning C4244: 'return': conversion from 'double' to 'float', possible loss of data
C:\Users\van46\Documents\Computer-Graphic\BaiTHso6_2_Projection_View_Model\BaiTHso6_2_Projection_View_Model\GLSLExperiment\example1.cpp(134,23): warning C4244: 'return': conversion from 'double' to 'float', possible loss of data
C:\Users\van46\Documents\Computer-Graphic\BaiTHso6_2_Projection_View_Model\BaiTHso6_2_Projection_View_Model\GLSLExperiment\example1.cpp(150,24): warning C4305: 'initializing': truncation from 'double' to 'GLfloat'
C:\Users\van46\Documents\Computer-Graphic\BaiTHso6_2_Projection_View_Model\BaiTHso6_2_Projection_View_Model\GLSLExperiment\example1.cpp(247,26): warning C4305: 'argument': truncation from 'double' to 'GLfloat'
C:\Users\van46\Documents\Computer-Graphic\BaiTHso6_2_Projection_View_Model\BaiTHso6_2_Projection_View_Model\GLSLExperiment\example1.cpp(248,21): warning C4305: 'argument': truncation from 'double' to 'GLfloat'
C:\Users\van46\Documents\Computer-Graphic\BaiTHso6_2_Projection_View_Model\BaiTHso6_2_Projection_View_Model\GLSLExperiment\example1.cpp(255,36): warning C4305: 'argument': truncation from 'double' to 'GLfloat'
C:\Users\van46\Documents\Computer-Graphic\BaiTHso6_2_Projection_View_Model\BaiTHso6_2_Projection_View_Model\GLSLExperiment\example1.cpp(255,30): warning C4305: 'argument': truncation from 'double' to 'GLfloat'
C:\Users\van46\Documents\Computer-Graphic\BaiTHso6_2_Projection_View_Model\BaiTHso6_2_Projection_View_Model\GLSLExperiment\example1.cpp(255,24): warning C4305: 'argument': truncation from 'double' to 'GLfloat'
C:\Users\van46\Documents\Computer-Graphic\BaiTHso6_2_Projection_View_Model\BaiTHso6_2_Projection_View_Model\GLSLExperiment\example1.cpp(256,44): warning C4305: 'argument': truncation from 'double' to 'GLfloat'
C:\Users\van46\Documents\Computer-Graphic\BaiTHso6_2_Projection_View_Model\BaiTHso6_2_Projection_View_Model\GLSLExperiment\example1.cpp(256,34): warning C4305: 'argument': truncation from 'double' to 'GLfloat'
C:\Users\van46\Documents\Computer-Graphic\BaiTHso6_2_Projection_View_Model\BaiTHso6_2_Projection_View_Model\GLSLExperiment\example1.cpp(256,24): warning C4305: 'argument': truncation from 'double' to 'GLfloat'
C:\Users\van46\Documents\Computer-Graphic\BaiTHso6_2_Projection_View_Model\BaiTHso6_2_Projection_View_Model\GLSLExperiment\example1.cpp(257,40): warning C4305: 'argument': truncation from 'double' to 'GLfloat'
C:\Users\van46\Documents\Computer-Graphic\BaiTHso6_2_Projection_View_Model\BaiTHso6_2_Projection_View_Model\GLSLExperiment\example1.cpp(257,32): warning C4305: 'argument': truncation from 'double' to 'GLfloat'
C:\Users\van46\Documents\Computer-Graphic\BaiTHso6_2_Projection_View_Model\BaiTHso6_2_Projection_View_Model\GLSLExperiment\example1.cpp(257,24): warning C4305: 'argument': truncation from 'double' to 'GLfloat'
C:\Users\van46\Documents\Computer-Graphic\BaiTHso6_2_Projection_View_Model\BaiTHso6_2_Projection_View_Model\GLSLExperiment\example1.cpp(260,45): warning C4305: 'argument': truncation from 'double' to 'GLfloat'
C:\Users\van46\Documents\Computer-Graphic\BaiTHso6_2_Projection_View_Model\BaiTHso6_2_Projection_View_Model\GLSLExperiment\example1.cpp(260,35): warning C4305: 'argument': truncation from 'double' to 'GLfloat'
C:\Users\van46\Documents\Computer-Graphic\BaiTHso6_2_Projection_View_Model\BaiTHso6_2_Projection_View_Model\GLSLExperiment\example1.cpp(260,25): warning C4305: 'argument': truncation from 'double' to 'GLfloat'
C:\Users\van46\Documents\Computer-Graphic\BaiTHso6_2_Projection_View_Model\BaiTHso6_2_Projection_View_Model\GLSLExperiment\example1.cpp(261,45): warning C4305: 'argument': truncation from 'double' to 'GLfloat'
C:\Users\van46\Documents\Computer-Graphic\BaiTHso6_2_Projection_View_Model\BaiTHso6_2_Projection_View_Model\GLSLExperiment\example1.cpp(261,35): warning C4305: 'argument': truncation from 'double' to 'GLfloat'
C:\Users\van46\Documents\Computer-Graphic\BaiTHso6_2_Projection_View_Model\BaiTHso6_2_Projection_View_Model\GLSLExperiment\example1.cpp(261,25): warning C4305: 'argument': truncation from 'double' to 'GLfloat'
C:\Users\van46\Documents\Computer-Graphic\BaiTHso6_2_Projection_View_Model\BaiTHso6_2_Projection_View_Model\GLSLExperiment\example1.cpp(264,14): warning C4305: '=': truncation from 'double' to 'GLfloat'
C:\Users\van46\Documents\Computer-Graphic\BaiTHso6_2_Projection_View_Model\BaiTHso6_2_Projection_View_Model\GLSLExperiment\example1.cpp(265,14): warning C4305: '=': truncation from 'double' to 'GLfloat'
C:\Users\van46\Documents\Computer-Graphic\BaiTHso6_2_Projection_View_Model\BaiTHso6_2_Projection_View_Model\GLSLExperiment\example1.cpp(275,15): warning C4305: 'argument': truncation from 'double' to 'GLfloat'
C:\Users\van46\Documents\Computer-Graphic\BaiTHso6_2_Projection_View_Model\BaiTHso6_2_Projection_View_Model\GLSLExperiment\example1.cpp(276,11): warning C4305: 'initializing': truncation from 'double' to 'GLfloat'
C:\Users\van46\Documents\Computer-Graphic\BaiTHso6_2_Projection_View_Model\BaiTHso6_2_Projection_View_Model\GLSLExperiment\example1.cpp(276,22): warning C4305: 'initializing': truncation from 'double' to 'GLfloat'
C:\Users\van46\Documents\Computer-Graphic\BaiTHso6_2_Projection_View_Model\BaiTHso6_2_Projection_View_Model\GLSLExperiment\example1.cpp(276,32): warning C4305: 'initializing': truncation from 'double' to 'GLfloat'
C:\Users\van46\Documents\Computer-Graphic\BaiTHso6_2_Projection_View_Model\BaiTHso6_2_Projection_View_Model\GLSLExperiment\example1.cpp(276,43): warning C4305: 'initializing': truncation from 'double' to 'GLfloat'
C:\Users\van46\Documents\Computer-Graphic\BaiTHso6_2_Projection_View_Model\BaiTHso6_2_Projection_View_Model\GLSLExperiment\example1.cpp(276,54): warning C4305: 'initializing': truncation from 'double' to 'GLfloat'
C:\Users\van46\Documents\Computer-Graphic\BaiTHso6_2_Projection_View_Model\BaiTHso6_2_Projection_View_Model\GLSLExperiment\example1.cpp(282,65): warning C4244: 'argument': conversion from 'double' to 'GLclampf', possible loss of data
C:\Users\van46\Documents\Computer-Graphic\BaiTHso6_2_Projection_View_Model\BaiTHso6_2_Projection_View_Model\GLSLExperiment\example1.cpp(282,42): warning C4244: 'argument': conversion from 'double' to 'GLclampf', possible loss of data
C:\Users\van46\Documents\Computer-Graphic\BaiTHso6_2_Projection_View_Model\BaiTHso6_2_Projection_View_Model\GLSLExperiment\example1.cpp(282,20): warning C4244: 'argument': conversion from 'double' to 'GLclampf', possible loss of data
C:\Users\van46\Documents\Computer-Graphic\BaiTHso6_2_Projection_View_Model\BaiTHso6_2_Projection_View_Model\GLSLExperiment\example1.cpp(288,24): warning C4305: 'argument': truncation from 'double' to 'const GLfloat'
C:\Users\van46\Documents\Computer-Graphic\BaiTHso6_2_Projection_View_Model\BaiTHso6_2_Projection_View_Model\GLSLExperiment\example1.cpp(288,49): warning C4305: 'argument': truncation from 'double' to 'const GLfloat'
C:\Users\van46\Documents\Computer-Graphic\BaiTHso6_2_Projection_View_Model\BaiTHso6_2_Projection_View_Model\GLSLExperiment\example1.cpp(289,24): warning C4305: 'argument': truncation from 'double' to 'const GLfloat'
C:\Users\van46\Documents\Computer-Graphic\BaiTHso6_2_Projection_View_Model\BaiTHso6_2_Projection_View_Model\GLSLExperiment\example1.cpp(289,49): warning C4305: 'argument': truncation from 'double' to 'const GLfloat'
C:\Users\van46\Documents\Computer-Graphic\BaiTHso6_2_Projection_View_Model\BaiTHso6_2_Projection_View_Model\GLSLExperiment\example1.cpp(290,27): warning C4305: 'argument': truncation from 'double' to 'const GLfloat'
C:\Users\van46\Documents\Computer-Graphic\BaiTHso6_2_Projection_View_Model\BaiTHso6_2_Projection_View_Model\GLSLExperiment\example1.cpp(290,52): warning C4305: 'argument': truncation from 'double' to 'const GLfloat'
C:\Users\van46\Documents\Computer-Graphic\BaiTHso6_2_Projection_View_Model\BaiTHso6_2_Projection_View_Model\GLSLExperiment\example1.cpp(291,32): warning C4305: 'argument': truncation from 'double' to 'const GLfloat'
C:\Users\van46\Documents\Computer-Graphic\BaiTHso6_2_Projection_View_Model\BaiTHso6_2_Projection_View_Model\GLSLExperiment\example1.cpp(291,56): warning C4305: 'argument': truncation from 'double' to 'const GLfloat'
C:\Users\van46\Documents\Computer-Graphic\BaiTHso6_2_Projection_View_Model\BaiTHso6_2_Projection_View_Model\GLSLExperiment\example1.cpp(294,28): warning C4305: 'argument': truncation from 'double' to 'const GLfloat'
C:\Users\van46\Documents\Computer-Graphic\BaiTHso6_2_Projection_View_Model\BaiTHso6_2_Projection_View_Model\GLSLExperiment\example1.cpp(294,53): warning C4305: 'argument': truncation from 'double' to 'const GLfloat'
C:\Users\van46\Documents\Computer-Graphic\BaiTHso6_2_Projection_View_Model\BaiTHso6_2_Projection_View_Model\GLSLExperiment\example1.cpp(297,34): warning C4305: 'argument': truncation from 'double' to 'const GLfloat'
C:\Users\van46\Documents\Computer-Graphic\BaiTHso6_2_Projection_View_Model\BaiTHso6_2_Projection_View_Model\GLSLExperiment\example1.cpp(297,61): warning C4305: 'argument': truncation from 'double' to 'const GLfloat'
C:\Users\van46\Documents\Computer-Graphic\BaiTHso6_2_Projection_View_Model\BaiTHso6_2_Projection_View_Model\GLSLExperiment\example1.cpp(300,24): warning C4305: 'argument': truncation from 'double' to 'const GLfloat'
C:\Users\van46\Documents\Computer-Graphic\BaiTHso6_2_Projection_View_Model\BaiTHso6_2_Projection_View_Model\GLSLExperiment\example1.cpp(300,49): warning C4305: 'argument': truncation from 'double' to 'const GLfloat'
C:\Users\van46\Documents\Computer-Graphic\BaiTHso6_2_Projection_View_Model\BaiTHso6_2_Projection_View_Model\GLSLExperiment\example1.cpp(301,24): warning C4305: 'argument': truncation from 'double' to 'const GLfloat'
C:\Users\van46\Documents\Computer-Graphic\BaiTHso6_2_Projection_View_Model\BaiTHso6_2_Projection_View_Model\GLSLExperiment\example1.cpp(301,49): warning C4305: 'argument': truncation from 'double' to 'const GLfloat'
C:\Users\van46\Documents\Computer-Graphic\BaiTHso6_2_Projection_View_Model\BaiTHso6_2_Projection_View_Model\GLSLExperiment\example1.cpp(302,27): warning C4305: 'argument': truncation from 'double' to 'const GLfloat'
C:\Users\van46\Documents\Computer-Graphic\BaiTHso6_2_Projection_View_Model\BaiTHso6_2_Projection_View_Model\GLSLExperiment\example1.cpp(302,52): warning C4305: 'argument': truncation from 'double' to 'const GLfloat'
C:\Users\van46\Documents\Computer-Graphic\BaiTHso6_2_Projection_View_Model\BaiTHso6_2_Projection_View_Model\GLSLExperiment\example1.cpp(303,32): warning C4305: 'argument': truncation from 'double' to 'const GLfloat'
C:\Users\van46\Documents\Computer-Graphic\BaiTHso6_2_Projection_View_Model\BaiTHso6_2_Projection_View_Model\GLSLExperiment\example1.cpp(303,58): warning C4305: 'argument': truncation from 'double' to 'const GLfloat'
C:\Users\van46\Documents\Computer-Graphic\BaiTHso6_2_Projection_View_Model\BaiTHso6_2_Projection_View_Model\GLSLExperiment\example1.cpp(306,34): warning C4305: 'argument': truncation from 'double' to 'const GLfloat'
C:\Users\van46\Documents\Computer-Graphic\BaiTHso6_2_Projection_View_Model\BaiTHso6_2_Projection_View_Model\GLSLExperiment\example1.cpp(306,61): warning C4305: 'argument': truncation from 'double' to 'const GLfloat'
C:\Users\van46\Documents\Computer-Graphic\BaiTHso6_2_Projection_View_Model\BaiTHso6_2_Projection_View_Model\GLSLExperiment\example1.cpp(307,32): warning C4305: 'argument': truncation from 'double' to 'const GLfloat'
C:\Users\van46\Documents\Computer-Graphic\BaiTHso6_2_Projection_View_Model\BaiTHso6_2_Projection_View_Model\GLSLExperiment\example1.cpp(307,59): warning C4305: 'argument': truncation from 'double' to 'const GLfloat'
C:\Users\van46\Documents\Computer-Graphic\BaiTHso6_2_Projection_View_Model\BaiTHso6_2_Projection_View_Model\GLSLExperiment\example1.cpp(308,34): warning C4305: 'argument': truncation from 'double' to 'const GLfloat'
C:\Users\van46\Documents\Computer-Graphic\BaiTHso6_2_Projection_View_Model\BaiTHso6_2_Projection_View_Model\GLSLExperiment\example1.cpp(308,61): warning C4305: 'argument': truncation from 'double' to 'const GLfloat'
C:\Users\van46\Documents\Computer-Graphic\BaiTHso6_2_Projection_View_Model\BaiTHso6_2_Projection_View_Model\GLSLExperiment\example1.cpp(313,32): warning C4305: 'argument': truncation from 'double' to 'const GLfloat'
C:\Users\van46\Documents\Computer-Graphic\BaiTHso6_2_Projection_View_Model\BaiTHso6_2_Projection_View_Model\GLSLExperiment\example1.cpp(313,27): warning C4305: 'argument': truncation from 'double' to 'const GLfloat'
C:\Users\van46\Documents\Computer-Graphic\BaiTHso6_2_Projection_View_Model\BaiTHso6_2_Projection_View_Model\GLSLExperiment\example1.cpp(313,59): warning C4305: 'argument': truncation from 'double' to 'const GLfloat'
C:\Users\van46\Documents\Computer-Graphic\BaiTHso6_2_Projection_View_Model\BaiTHso6_2_Projection_View_Model\GLSLExperiment\example1.cpp(313,53): warning C4305: 'argument': truncation from 'double' to 'const GLfloat'
C:\Users\van46\Documents\Computer-Graphic\BaiTHso6_2_Projection_View_Model\BaiTHso6_2_Projection_View_Model\GLSLExperiment\example1.cpp(315,33): warning C4305: 'argument': truncation from 'double' to 'const GLfloat'
C:\Users\van46\Documents\Computer-Graphic\BaiTHso6_2_Projection_View_Model\BaiTHso6_2_Projection_View_Model\GLSLExperiment\example1.cpp(315,24): warning C4305: 'argument': truncation from 'double' to 'const GLfloat'
C:\Users\van46\Documents\Computer-Graphic\BaiTHso6_2_Projection_View_Model\BaiTHso6_2_Projection_View_Model\GLSLExperiment\example1.cpp(315,59): warning C4305: 'argument': truncation from 'double' to 'const GLfloat'
C:\Users\van46\Documents\Computer-Graphic\BaiTHso6_2_Projection_View_Model\BaiTHso6_2_Projection_View_Model\GLSLExperiment\example1.cpp(315,54): warning C4305: 'argument': truncation from 'double' to 'const GLfloat'
C:\Users\van46\Documents\Computer-Graphic\BaiTHso6_2_Projection_View_Model\BaiTHso6_2_Projection_View_Model\GLSLExperiment\example1.cpp(316,32): warning C4305: 'argument': truncation from 'double' to 'const GLfloat'
C:\Users\van46\Documents\Computer-Graphic\BaiTHso6_2_Projection_View_Model\BaiTHso6_2_Projection_View_Model\GLSLExperiment\example1.cpp(316,24): warning C4305: 'argument': truncation from 'double' to 'const GLfloat'
C:\Users\van46\Documents\Computer-Graphic\BaiTHso6_2_Projection_View_Model\BaiTHso6_2_Projection_View_Model\GLSLExperiment\example1.cpp(316,58): warning C4305: 'argument': truncation from 'double' to 'const GLfloat'
C:\Users\van46\Documents\Computer-Graphic\BaiTHso6_2_Projection_View_Model\BaiTHso6_2_Projection_View_Model\GLSLExperiment\example1.cpp(316,53): warning C4305: 'argument': truncation from 'double' to 'const GLfloat'
C:\Users\van46\Documents\Computer-Graphic\BaiTHso6_2_Projection_View_Model\BaiTHso6_2_Projection_View_Model\GLSLExperiment\example1.cpp(317,32): warning C4305: 'argument': truncation from 'double' to 'const GLfloat'
C:\Users\van46\Documents\Computer-Graphic\BaiTHso6_2_Projection_View_Model\BaiTHso6_2_Projection_View_Model\GLSLExperiment\example1.cpp(317,24): warning C4305: 'argument': truncation from 'double' to 'const GLfloat'
C:\Users\van46\Documents\Computer-Graphic\BaiTHso6_2_Projection_View_Model\BaiTHso6_2_Projection_View_Model\GLSLExperiment\example1.cpp(317,58): warning C4305: 'argument': truncation from 'double' to 'const GLfloat'
C:\Users\van46\Documents\Computer-Graphic\BaiTHso6_2_Projection_View_Model\BaiTHso6_2_Projection_View_Model\GLSLExperiment\example1.cpp(317,53): warning C4305: 'argument': truncation from 'double' to 'const GLfloat'
C:\Users\van46\Documents\Computer-Graphic\BaiTHso6_2_Projection_View_Model\BaiTHso6_2_Projection_View_Model\GLSLExperiment\example1.cpp(318,32): warning C4305: 'argument': truncation from 'double' to 'const GLfloat'
C:\Users\van46\Documents\Computer-Graphic\BaiTHso6_2_Projection_View_Model\BaiTHso6_2_Projection_View_Model\GLSLExperiment\example1.cpp(318,24): warning C4305: 'argument': truncation from 'double' to 'const GLfloat'
C:\Users\van46\Documents\Computer-Graphic\BaiTHso6_2_Projection_View_Model\BaiTHso6_2_Projection_View_Model\GLSLExperiment\example1.cpp(318,58): warning C4305: 'argument': truncation from 'double' to 'const GLfloat'
C:\Users\van46\Documents\Computer-Graphic\BaiTHso6_2_Projection_View_Model\BaiTHso6_2_Projection_View_Model\GLSLExperiment\example1.cpp(318,53): warning C4305: 'argument': truncation from 'double' to 'const GLfloat'
C:\Users\van46\Documents\Computer-Graphic\BaiTHso6_2_Projection_View_Model\BaiTHso6_2_Projection_View_Model\GLSLExperiment\example1.cpp(319,32): warning C4305: 'argument': truncation from 'double' to 'const GLfloat'
C:\Users\van46\Documents\Computer-Graphic\BaiTHso6_2_Projection_View_Model\BaiTHso6_2_Projection_View_Model\GLSLExperiment\example1.cpp(319,24): warning C4305: 'argument': truncation from 'double' to 'const GLfloat'
C:\Users\van46\Documents\Computer-Graphic\BaiTHso6_2_Projection_View_Model\BaiTHso6_2_Projection_View_Model\GLSLExperiment\example1.cpp(319,58): warning C4305: 'argument': truncation from 'double' to 'const GLfloat'
C:\Users\van46\Documents\Computer-Graphic\BaiTHso6_2_Projection_View_Model\BaiTHso6_2_Projection_View_Model\GLSLExperiment\example1.cpp(319,53): warning C4305: 'argument': truncation from 'double' to 'const GLfloat'
C:\Users\van46\Documents\Computer-Graphic\BaiTHso6_2_Projection_View_Model\BaiTHso6_2_Projection_View_Model\GLSLExperiment\example1.cpp(320,32): warning C4305: 'argument': truncation from 'double' to 'const GLfloat'
C:\Users\van46\Documents\Computer-Graphic\BaiTHso6_2_Projection_View_Model\BaiTHso6_2_Projection_View_Model\GLSLExperiment\example1.cpp(320,24): warning C4305: 'argument': truncation from 'double' to 'const GLfloat'
C:\Users\van46\Documents\Computer-Graphic\BaiTHso6_2_Projection_View_Model\BaiTHso6_2_Projection_View_Model\GLSLExperiment\example1.cpp(320,58): warning C4305: 'argument': truncation from 'double' to 'const GLfloat'
C:\Users\van46\Documents\Computer-Graphic\BaiTHso6_2_Projection_View_Model\BaiTHso6_2_Projection_View_Model\GLSLExperiment\example1.cpp(320,53): warning C4305: 'argument': truncation from 'double' to 'const GLfloat'
C:\Users\van46\Documents\Computer-Graphic\BaiTHso6_2_Projection_View_Model\BaiTHso6_2_Projection_View_Model\GLSLExperiment\example1.cpp(321,32): warning C4305: 'argument': truncation from 'double' to 'const GLfloat'
C:\Users\van46\Documents\Computer-Graphic\BaiTHso6_2_Projection_View_Model\BaiTHso6_2_Projection_View_Model\GLSLExperiment\example1.cpp(321,24): warning C4305: 'argument': truncation from 'double' to 'const GLfloat'
C:\Users\van46\Documents\Computer-Graphic\BaiTHso6_2_Projection_View_Model\BaiTHso6_2_Projection_View_Model\GLSLExperiment\example1.cpp(321,58): warning C4305: 'argument': truncation from 'double' to 'const GLfloat'
C:\Users\van46\Documents\Computer-Graphic\BaiTHso6_2_Projection_View_Model\BaiTHso6_2_Projection_View_Model\GLSLExperiment\example1.cpp(321,53): warning C4305: 'argument': truncation from 'double' to 'const GLfloat'
C:\Users\van46\Documents\Computer-Graphic\BaiTHso6_2_Projection_View_Model\BaiTHso6_2_Projection_View_Model\GLSLExperiment\example1.cpp(322,32): warning C4305: 'argument': truncation from 'double' to 'const GLfloat'
C:\Users\van46\Documents\Computer-Graphic\BaiTHso6_2_Projection_View_Model\BaiTHso6_2_Projection_View_Model\GLSLExperiment\example1.cpp(322,24): warning C4305: 'argument': truncation from 'double' to 'const GLfloat'
C:\Users\van46\Documents\Computer-Graphic\BaiTHso6_2_Projection_View_Model\BaiTHso6_2_Projection_View_Model\GLSLExperiment\example1.cpp(322,58): warning C4305: 'argument': truncation from 'double' to 'const GLfloat'
C:\Users\van46\Documents\Computer-Graphic\BaiTHso6_2_Projection_View_Model\BaiTHso6_2_Projection_View_Model\GLSLExperiment\example1.cpp(322,53): warning C4305: 'argument': truncation from 'double' to 'const GLfloat'
C:\Users\van46\Documents\Computer-Graphic\BaiTHso6_2_Projection_View_Model\BaiTHso6_2_Projection_View_Model\GLSLExperiment\example1.cpp(323,32): warning C4305: 'argument': truncation from 'double' to 'const GLfloat'
C:\Users\van46\Documents\Computer-Graphic\BaiTHso6_2_Projection_View_Model\BaiTHso6_2_Projection_View_Model\GLSLExperiment\example1.cpp(323,24): warning C4305: 'argument': truncation from 'double' to 'const GLfloat'
C:\Users\van46\Documents\Computer-Graphic\BaiTHso6_2_Projection_View_Model\BaiTHso6_2_Projection_View_Model\GLSLExperiment\example1.cpp(323,58): warning C4305: 'argument': truncation from 'double' to 'const GLfloat'
C:\Users\van46\Documents\Computer-Graphic\BaiTHso6_2_Projection_View_Model\BaiTHso6_2_Projection_View_Model\GLSLExperiment\example1.cpp(323,53): warning C4305: 'argument': truncation from 'double' to 'const GLfloat'
C:\Users\van46\Documents\Computer-Graphic\BaiTHso6_2_Projection_View_Model\BaiTHso6_2_Projection_View_Model\GLSLExperiment\example1.cpp(324,32): warning C4305: 'argument': truncation from 'double' to 'const GLfloat'
C:\Users\van46\Documents\Computer-Graphic\BaiTHso6_2_Projection_View_Model\BaiTHso6_2_Projection_View_Model\GLSLExperiment\example1.cpp(324,24): warning C4305: 'argument': truncation from 'double' to 'const GLfloat'
C:\Users\van46\Documents\Computer-Graphic\BaiTHso6_2_Projection_View_Model\BaiTHso6_2_Projection_View_Model\GLSLExperiment\example1.cpp(324,58): warning C4305: 'argument': truncation from 'double' to 'const GLfloat'
C:\Users\van46\Documents\Computer-Graphic\BaiTHso6_2_Projection_View_Model\BaiTHso6_2_Projection_View_Model\GLSLExperiment\example1.cpp(324,53): warning C4305: 'argument': truncation from 'double' to 'const GLfloat'
C:\Users\van46\Documents\Computer-Graphic\BaiTHso6_2_Projection_View_Model\BaiTHso6_2_Projection_View_Model\GLSLExperiment\example1.cpp(325,33): warning C4305: 'argument': truncation from 'double' to 'const GLfloat'
C:\Users\van46\Documents\Computer-Graphic\BaiTHso6_2_Projection_View_Model\BaiTHso6_2_Projection_View_Model\GLSLExperiment\example1.cpp(325,24): warning C4305: 'argument': truncation from 'double' to 'const GLfloat'
C:\Users\van46\Documents\Computer-Graphic\BaiTHso6_2_Projection_View_Model\BaiTHso6_2_Projection_View_Model\GLSLExperiment\example1.cpp(325,59): warning C4305: 'argument': truncation from 'double' to 'const GLfloat'
C:\Users\van46\Documents\Computer-Graphic\BaiTHso6_2_Projection_View_Model\BaiTHso6_2_Projection_View_Model\GLSLExperiment\example1.cpp(325,54): warning C4305: 'argument': truncation from 'double' to 'const GLfloat'
C:\Users\van46\Documents\Computer-Graphic\BaiTHso6_2_Projection_View_Model\BaiTHso6_2_Projection_View_Model\GLSLExperiment\example1.cpp(329,29): warning C4305: 'argument': truncation from 'double' to 'const GLfloat'
C:\Users\van46\Documents\Computer-Graphic\BaiTHso6_2_Projection_View_Model\BaiTHso6_2_Projection_View_Model\GLSLExperiment\example1.cpp(329,54): warning C4305: 'argument': truncation from 'double' to 'const GLfloat'
C:\Users\van46\Documents\Computer-Graphic\BaiTHso6_2_Projection_View_Model\BaiTHso6_2_Projection_View_Model\GLSLExperiment\example1.cpp(330,29): warning C4305: 'argument': truncation from 'double' to 'const GLfloat'
C:\Users\van46\Documents\Computer-Graphic\BaiTHso6_2_Projection_View_Model\BaiTHso6_2_Projection_View_Model\GLSLExperiment\example1.cpp(330,54): warning C4305: 'argument': truncation from 'double' to 'const GLfloat'
C:\Users\van46\Documents\Computer-Graphic\BaiTHso6_2_Projection_View_Model\BaiTHso6_2_Projection_View_Model\GLSLExperiment\example1.cpp(331,28): warning C4305: 'argument': truncation from 'double' to 'const GLfloat'
C:\Users\van46\Documents\Computer-Graphic\BaiTHso6_2_Projection_View_Model\BaiTHso6_2_Projection_View_Model\GLSLExperiment\example1.cpp(331,52): warning C4305: 'argument': truncation from 'double' to 'const GLfloat'
C:\Users\van46\Documents\Computer-Graphic\BaiTHso6_2_Projection_View_Model\BaiTHso6_2_Projection_View_Model\GLSLExperiment\example1.cpp(332,28): warning C4305: 'argument': truncation from 'double' to 'const GLfloat'
C:\Users\van46\Documents\Computer-Graphic\BaiTHso6_2_Projection_View_Model\BaiTHso6_2_Projection_View_Model\GLSLExperiment\example1.cpp(332,51): warning C4305: 'argument': truncation from 'double' to 'const GLfloat'
C:\Users\van46\Documents\Computer-Graphic\BaiTHso6_2_Projection_View_Model\BaiTHso6_2_Projection_View_Model\GLSLExperiment\example1.cpp(336,27): warning C4305: 'argument': truncation from 'double' to 'const GLfloat'
C:\Users\van46\Documents\Computer-Graphic\BaiTHso6_2_Projection_View_Model\BaiTHso6_2_Projection_View_Model\GLSLExperiment\example1.cpp(336,51): warning C4305: 'argument': truncation from 'double' to 'const GLfloat'
C:\Users\van46\Documents\Computer-Graphic\BaiTHso6_2_Projection_View_Model\BaiTHso6_2_Projection_View_Model\GLSLExperiment\example1.cpp(337,29): warning C4305: 'argument': truncation from 'double' to 'const GLfloat'
C:\Users\van46\Documents\Computer-Graphic\BaiTHso6_2_Projection_View_Model\BaiTHso6_2_Projection_View_Model\GLSLExperiment\example1.cpp(337,53): warning C4305: 'argument': truncation from 'double' to 'const GLfloat'
C:\Users\van46\Documents\Computer-Graphic\BaiTHso6_2_Projection_View_Model\BaiTHso6_2_Projection_View_Model\GLSLExperiment\example1.cpp(342,59): warning C4305: 'argument': truncation from 'double' to 'const GLfloat'
C:\Users\van46\Documents\Computer-Graphic\BaiTHso6_2_Projection_View_Model\BaiTHso6_2_Projection_View_Model\GLSLExperiment\example1.cpp(344,60): warning C4305: 'argument': truncation from 'double' to 'const GLfloat'
C:\Users\van46\Documents\Computer-Graphic\BaiTHso6_2_Projection_View_Model\BaiTHso6_2_Projection_View_Model\GLSLExperiment\example1.cpp(346,60): warning C4305: 'argument': truncation from 'double' to 'const GLfloat'
C:\Users\van46\Documents\Computer-Graphic\BaiTHso6_2_Projection_View_Model\BaiTHso6_2_Projection_View_Model\GLSLExperiment\example1.cpp(348,59): warning C4305: 'argument': truncation from 'double' to 'const GLfloat'
C:\Users\van46\Documents\Computer-Graphic\BaiTHso6_2_Projection_View_Model\BaiTHso6_2_Projection_View_Model\GLSLExperiment\example1.cpp(353,25): warning C4305: 'initializing': truncation from 'double' to 'GLfloat'
C:\Users\van46\Documents\Computer-Graphic\BaiTHso6_2_Projection_View_Model\BaiTHso6_2_Projection_View_Model\GLSLExperiment\example1.cpp(358,44): warning C4305: 'argument': truncation from 'double' to 'const GLfloat'
C:\Users\van46\Documents\Computer-Graphic\BaiTHso6_2_Projection_View_Model\BaiTHso6_2_Projection_View_Model\GLSLExperiment\example1.cpp(358,93): warning C4305: 'argument': truncation from 'double' to 'const GLfloat'
C:\Users\van46\Documents\Computer-Graphic\BaiTHso6_2_Projection_View_Model\BaiTHso6_2_Projection_View_Model\GLSLExperiment\example1.cpp(358,70): warning C4244: 'argument': conversion from 'double' to 'const GLfloat', possible loss of data
C:\Users\van46\Documents\Computer-Graphic\BaiTHso6_2_Projection_View_Model\BaiTHso6_2_Projection_View_Model\GLSLExperiment\example1.cpp(363,36): warning C4305: 'argument': truncation from 'double' to 'const GLfloat'
C:\Users\van46\Documents\Computer-Graphic\BaiTHso6_2_Projection_View_Model\BaiTHso6_2_Projection_View_Model\GLSLExperiment\example1.cpp(363,30): warning C4305: 'argument': truncation from 'double' to 'const GLfloat'
C:\Users\van46\Documents\Computer-Graphic\BaiTHso6_2_Projection_View_Model\BaiTHso6_2_Projection_View_Model\GLSLExperiment\example1.cpp(363,24): warning C4305: 'argument': truncation from 'double' to 'const GLfloat'
C:\Users\van46\Documents\Computer-Graphic\BaiTHso6_2_Projection_View_Model\BaiTHso6_2_Projection_View_Model\GLSLExperiment\example1.cpp(363,68): warning C4305: 'argument': truncation from 'double' to 'const GLfloat'
C:\Users\van46\Documents\Computer-Graphic\BaiTHso6_2_Projection_View_Model\BaiTHso6_2_Projection_View_Model\GLSLExperiment\example1.cpp(363,53): warning C4305: 'argument': truncation from 'double' to 'const GLfloat'
C:\Users\van46\Documents\Computer-Graphic\BaiTHso6_2_Projection_View_Model\BaiTHso6_2_Projection_View_Model\GLSLExperiment\example1.cpp(364,36): warning C4305: 'argument': truncation from 'double' to 'const GLfloat'
C:\Users\van46\Documents\Computer-Graphic\BaiTHso6_2_Projection_View_Model\BaiTHso6_2_Projection_View_Model\GLSLExperiment\example1.cpp(364,30): warning C4305: 'argument': truncation from 'double' to 'const GLfloat'
C:\Users\van46\Documents\Computer-Graphic\BaiTHso6_2_Projection_View_Model\BaiTHso6_2_Projection_View_Model\GLSLExperiment\example1.cpp(364,24): warning C4305: 'argument': truncation from 'double' to 'const GLfloat'
C:\Users\van46\Documents\Computer-Graphic\BaiTHso6_2_Projection_View_Model\BaiTHso6_2_Projection_View_Model\GLSLExperiment\example1.cpp(364,68): warning C4305: 'argument': truncation from 'double' to 'const GLfloat'
C:\Users\van46\Documents\Computer-Graphic\BaiTHso6_2_Projection_View_Model\BaiTHso6_2_Projection_View_Model\GLSLExperiment\example1.cpp(364,53): warning C4305: 'argument': truncation from 'double' to 'const GLfloat'
C:\Users\van46\Documents\Computer-Graphic\BaiTHso6_2_Projection_View_Model\BaiTHso6_2_Projection_View_Model\GLSLExperiment\example1.cpp(365,36): warning C4305: 'argument': truncation from 'double' to 'const GLfloat'
C:\Users\van46\Documents\Computer-Graphic\BaiTHso6_2_Projection_View_Model\BaiTHso6_2_Projection_View_Model\GLSLExperiment\example1.cpp(365,30): warning C4305: 'argument': truncation from 'double' to 'const GLfloat'
C:\Users\van46\Documents\Computer-Graphic\BaiTHso6_2_Projection_View_Model\BaiTHso6_2_Projection_View_Model\GLSLExperiment\example1.cpp(365,24): warning C4305: 'argument': truncation from 'double' to 'const GLfloat'
C:\Users\van46\Documents\Computer-Graphic\BaiTHso6_2_Projection_View_Model\BaiTHso6_2_Projection_View_Model\GLSLExperiment\example1.cpp(365,68): warning C4305: 'argument': truncation from 'double' to 'const GLfloat'
C:\Users\van46\Documents\Computer-Graphic\BaiTHso6_2_Projection_View_Model\BaiTHso6_2_Projection_View_Model\GLSLExperiment\example1.cpp(365,53): warning C4305: 'argument': truncation from 'double' to 'const GLfloat'
C:\Users\van46\Documents\Computer-Graphic\BaiTHso6_2_Projection_View_Model\BaiTHso6_2_Projection_View_Model\GLSLExperiment\example1.cpp(368,36): warning C4305: 'argument': truncation from 'double' to 'const GLfloat'
C:\Users\van46\Documents\Computer-Graphic\BaiTHso6_2_Projection_View_Model\BaiTHso6_2_Projection_View_Model\GLSLExperiment\example1.cpp(368,30): warning C4305: 'argument': truncation from 'double' to 'const GLfloat'
C:\Users\van46\Documents\Computer-Graphic\BaiTHso6_2_Projection_View_Model\BaiTHso6_2_Projection_View_Model\GLSLExperiment\example1.cpp(368,24): warning C4305: 'argument': truncation from 'double' to 'const GLfloat'
C:\Users\van46\Documents\Computer-Graphic\BaiTHso6_2_Projection_View_Model\BaiTHso6_2_Projection_View_Model\GLSLExperiment\example1.cpp(368,65): warning C4305: 'argument': truncation from 'double' to 'const GLfloat'
C:\Users\van46\Documents\Computer-Graphic\BaiTHso6_2_Projection_View_Model\BaiTHso6_2_Projection_View_Model\GLSLExperiment\example1.cpp(368,60): warning C4305: 'argument': truncation from 'double' to 'const GLfloat'
C:\Users\van46\Documents\Computer-Graphic\BaiTHso6_2_Projection_View_Model\BaiTHso6_2_Projection_View_Model\GLSLExperiment\example1.cpp(368,53): warning C4305: 'argument': truncation from 'double' to 'const GLfloat'
C:\Users\van46\Documents\Computer-Graphic\BaiTHso6_2_Projection_View_Model\BaiTHso6_2_Projection_View_Model\GLSLExperiment\example1.cpp(369,36): warning C4305: 'argument': truncation from 'double' to 'const GLfloat'
C:\Users\van46\Documents\Computer-Graphic\BaiTHso6_2_Projection_View_Model\BaiTHso6_2_Projection_View_Model\GLSLExperiment\example1.cpp(369,30): warning C4305: 'argument': truncation from 'double' to 'const GLfloat'
C:\Users\van46\Documents\Computer-Graphic\BaiTHso6_2_Projection_View_Model\BaiTHso6_2_Projection_View_Model\GLSLExperiment\example1.cpp(369,24): warning C4305: 'argument': truncation from 'double' to 'const GLfloat'
C:\Users\van46\Documents\Computer-Graphic\BaiTHso6_2_Projection_View_Model\BaiTHso6_2_Projection_View_Model\GLSLExperiment\example1.cpp(369,65): warning C4305: 'argument': truncation from 'double' to 'const GLfloat'
C:\Users\van46\Documents\Computer-Graphic\BaiTHso6_2_Projection_View_Model\BaiTHso6_2_Projection_View_Model\GLSLExperiment\example1.cpp(369,60): warning C4305: 'argument': truncation from 'double' to 'const GLfloat'
C:\Users\van46\Documents\Computer-Graphic\BaiTHso6_2_Projection_View_Model\BaiTHso6_2_Projection_View_Model\GLSLExperiment\example1.cpp(369,53): warning C4305: 'argument': truncation from 'double' to 'const GLfloat'
C:\Users\van46\Documents\Computer-Graphic\BaiTHso6_2_Projection_View_Model\BaiTHso6_2_Projection_View_Model\GLSLExperiment\example1.cpp(370,36): warning C4305: 'argument': truncation from 'double' to 'const GLfloat'
C:\Users\van46\Documents\Computer-Graphic\BaiTHso6_2_Projection_View_Model\BaiTHso6_2_Projection_View_Model\GLSLExperiment\example1.cpp(370,30): warning C4305: 'argument': truncation from 'double' to 'const GLfloat'
C:\Users\van46\Documents\Computer-Graphic\BaiTHso6_2_Projection_View_Model\BaiTHso6_2_Projection_View_Model\GLSLExperiment\example1.cpp(370,24): warning C4305: 'argument': truncation from 'double' to 'const GLfloat'
C:\Users\van46\Documents\Computer-Graphic\BaiTHso6_2_Projection_View_Model\BaiTHso6_2_Projection_View_Model\GLSLExperiment\example1.cpp(370,66): warning C4305: 'argument': truncation from 'double' to 'const GLfloat'
C:\Users\van46\Documents\Computer-Graphic\BaiTHso6_2_Projection_View_Model\BaiTHso6_2_Projection_View_Model\GLSLExperiment\example1.cpp(370,60): warning C4305: 'argument': truncation from 'double' to 'const GLfloat'
C:\Users\van46\Documents\Computer-Graphic\BaiTHso6_2_Projection_View_Model\BaiTHso6_2_Projection_View_Model\GLSLExperiment\example1.cpp(370,53): warning C4305: 'argument': truncation from 'double' to 'const GLfloat'
C:\Users\van46\Documents\Computer-Graphic\BaiTHso6_2_Projection_View_Model\BaiTHso6_2_Projection_View_Model\GLSLExperiment\example1.cpp(371,36): warning C4305: 'argument': truncation from 'double' to 'const GLfloat'
C:\Users\van46\Documents\Computer-Graphic\BaiTHso6_2_Projection_View_Model\BaiTHso6_2_Projection_View_Model\GLSLExperiment\example1.cpp(371,30): warning C4305: 'argument': truncation from 'double' to 'const GLfloat'
C:\Users\van46\Documents\Computer-Graphic\BaiTHso6_2_Projection_View_Model\BaiTHso6_2_Projection_View_Model\GLSLExperiment\example1.cpp(371,24): warning C4305: 'argument': truncation from 'double' to 'const GLfloat'
C:\Users\van46\Documents\Computer-Graphic\BaiTHso6_2_Projection_View_Model\BaiTHso6_2_Projection_View_Model\GLSLExperiment\example1.cpp(371,66): warning C4305: 'argument': truncation from 'double' to 'const GLfloat'
C:\Users\van46\Documents\Computer-Graphic\BaiTHso6_2_Projection_View_Model\BaiTHso6_2_Projection_View_Model\GLSLExperiment\example1.cpp(371,60): warning C4305: 'argument': truncation from 'double' to 'const GLfloat'
C:\Users\van46\Documents\Computer-Graphic\BaiTHso6_2_Projection_View_Model\BaiTHso6_2_Projection_View_Model\GLSLExperiment\example1.cpp(371,53): warning C4305: 'argument': truncation from 'double' to 'const GLfloat'
C:\Users\van46\Documents\Computer-Graphic\BaiTHso6_2_Projection_View_Model\BaiTHso6_2_Projection_View_Model\GLSLExperiment\example1.cpp(374,36): warning C4305: 'argument': truncation from 'double' to 'const GLfloat'
C:\Users\van46\Documents\Computer-Graphic\BaiTHso6_2_Projection_View_Model\BaiTHso6_2_Projection_View_Model\GLSLExperiment\example1.cpp(374,30): warning C4305: 'argument': truncation from 'double' to 'const GLfloat'
C:\Users\van46\Documents\Computer-Graphic\BaiTHso6_2_Projection_View_Model\BaiTHso6_2_Projection_View_Model\GLSLExperiment\example1.cpp(374,24): warning C4305: 'argument': truncation from 'double' to 'const GLfloat'
C:\Users\van46\Documents\Computer-Graphic\BaiTHso6_2_Projection_View_Model\BaiTHso6_2_Projection_View_Model\GLSLExperiment\example1.cpp(374,66): warning C4305: 'argument': truncation from 'double' to 'const GLfloat'
C:\Users\van46\Documents\Computer-Graphic\BaiTHso6_2_Projection_View_Model\BaiTHso6_2_Projection_View_Model\GLSLExperiment\example1.cpp(374,60): warning C4305: 'argument': truncation from 'double' to 'const GLfloat'
C:\Users\van46\Documents\Computer-Graphic\BaiTHso6_2_Projection_View_Model\BaiTHso6_2_Projection_View_Model\GLSLExperiment\example1.cpp(374,53): warning C4305: 'argument': truncation from 'double' to 'const GLfloat'
C:\Users\van46\Documents\Computer-Graphic\BaiTHso6_2_Projection_View_Model\BaiTHso6_2_Projection_View_Model\GLSLExperiment\example1.cpp(375,36): warning C4305: 'argument': truncation from 'double' to 'const GLfloat'
C:\Users\van46\Documents\Computer-Graphic\BaiTHso6_2_Projection_View_Model\BaiTHso6_2_Projection_View_Model\GLSLExperiment\example1.cpp(375,30): warning C4305: 'argument': truncation from 'double' to 'const GLfloat'
C:\Users\van46\Documents\Computer-Graphic\BaiTHso6_2_Projection_View_Model\BaiTHso6_2_Projection_View_Model\GLSLExperiment\example1.cpp(375,24): warning C4305: 'argument': truncation from 'double' to 'const GLfloat'
C:\Users\van46\Documents\Computer-Graphic\BaiTHso6_2_Projection_View_Model\BaiTHso6_2_Projection_View_Model\GLSLExperiment\example1.cpp(375,60): warning C4305: 'argument': truncation from 'double' to 'const GLfloat'
C:\Users\van46\Documents\Computer-Graphic\BaiTHso6_2_Projection_View_Model\BaiTHso6_2_Projection_View_Model\GLSLExperiment\example1.cpp(375,53): warning C4305: 'argument': truncation from 'double' to 'const GLfloat'
C:\Users\van46\Documents\Computer-Graphic\BaiTHso6_2_Projection_View_Model\BaiTHso6_2_Projection_View_Model\GLSLExperiment\example1.cpp(376,36): warning C4305: 'argument': truncation from 'double' to 'const GLfloat'
C:\Users\van46\Documents\Computer-Graphic\BaiTHso6_2_Projection_View_Model\BaiTHso6_2_Projection_View_Model\GLSLExperiment\example1.cpp(376,30): warning C4305: 'argument': truncation from 'double' to 'const GLfloat'
C:\Users\van46\Documents\Computer-Graphic\BaiTHso6_2_Projection_View_Model\BaiTHso6_2_Projection_View_Model\GLSLExperiment\example1.cpp(376,24): warning C4305: 'argument': truncation from 'double' to 'const GLfloat'
C:\Users\van46\Documents\Computer-Graphic\BaiTHso6_2_Projection_View_Model\BaiTHso6_2_Projection_View_Model\GLSLExperiment\example1.cpp(376,66): warning C4305: 'argument': truncation from 'double' to 'const GLfloat'
C:\Users\van46\Documents\Computer-Graphic\BaiTHso6_2_Projection_View_Model\BaiTHso6_2_Projection_View_Model\GLSLExperiment\example1.cpp(376,60): warning C4305: 'argument': truncation from 'double' to 'const GLfloat'
C:\Users\van46\Documents\Computer-Graphic\BaiTHso6_2_Projection_View_Model\BaiTHso6_2_Projection_View_Model\GLSLExperiment\example1.cpp(376,53): warning C4305: 'argument': truncation from 'double' to 'const GLfloat'
C:\Users\van46\Documents\Computer-Graphic\BaiTHso6_2_Projection_View_Model\BaiTHso6_2_Projection_View_Model\GLSLExperiment\example1.cpp(379,36): warning C4305: 'argument': truncation from 'double' to 'const GLfloat'
C:\Users\van46\Documents\Computer-Graphic\BaiTHso6_2_Projection_View_Model\BaiTHso6_2_Projection_View_Model\GLSLExperiment\example1.cpp(379,30): warning C4305: 'argument': truncation from 'double' to 'const GLfloat'
C:\Users\van46\Documents\Computer-Graphic\BaiTHso6_2_Projection_View_Model\BaiTHso6_2_Projection_View_Model\GLSLExperiment\example1.cpp(379,24): warning C4305: 'argument': truncation from 'double' to 'const GLfloat'
C:\Users\van46\Documents\Computer-Graphic\BaiTHso6_2_Projection_View_Model\BaiTHso6_2_Projection_View_Model\GLSLExperiment\example1.cpp(379,67): warning C4305: 'argument': truncation from 'double' to 'const GLfloat'
C:\Users\van46\Documents\Computer-Graphic\BaiTHso6_2_Projection_View_Model\BaiTHso6_2_Projection_View_Model\GLSLExperiment\example1.cpp(379,53): warning C4305: 'argument': truncation from 'double' to 'const GLfloat'
C:\Users\van46\Documents\Computer-Graphic\BaiTHso6_2_Projection_View_Model\BaiTHso6_2_Projection_View_Model\GLSLExperiment\example1.cpp(380,36): warning C4305: 'argument': truncation from 'double' to 'const GLfloat'
C:\Users\van46\Documents\Computer-Graphic\BaiTHso6_2_Projection_View_Model\BaiTHso6_2_Projection_View_Model\GLSLExperiment\example1.cpp(380,30): warning C4305: 'argument': truncation from 'double' to 'const GLfloat'
C:\Users\van46\Documents\Computer-Graphic\BaiTHso6_2_Projection_View_Model\BaiTHso6_2_Projection_View_Model\GLSLExperiment\example1.cpp(380,24): warning C4305: 'argument': truncation from 'double' to 'const GLfloat'
C:\Users\van46\Documents\Computer-Graphic\BaiTHso6_2_Projection_View_Model\BaiTHso6_2_Projection_View_Model\GLSLExperiment\example1.cpp(380,67): warning C4305: 'argument': truncation from 'double' to 'const GLfloat'
C:\Users\van46\Documents\Computer-Graphic\BaiTHso6_2_Projection_View_Model\BaiTHso6_2_Projection_View_Model\GLSLExperiment\example1.cpp(380,53): warning C4305: 'argument': truncation from 'double' to 'const GLfloat'
C:\Users\van46\Documents\Computer-Graphic\BaiTHso6_2_Projection_View_Model\BaiTHso6_2_Projection_View_Model\GLSLExperiment\example1.cpp(381,36): warning C4305: 'argument': truncation from 'double' to 'const GLfloat'
C:\Users\van46\Documents\Computer-Graphic\BaiTHso6_2_Projection_View_Model\BaiTHso6_2_Projection_View_Model\GLSLExperiment\example1.cpp(381,30): warning C4305: 'argument': truncation from 'double' to 'const GLfloat'
C:\Users\van46\Documents\Computer-Graphic\BaiTHso6_2_Projection_View_Model\BaiTHso6_2_Projection_View_Model\GLSLExperiment\example1.cpp(381,24): warning C4305: 'argument': truncation from 'double' to 'const GLfloat'
C:\Users\van46\Documents\Computer-Graphic\BaiTHso6_2_Projection_View_Model\BaiTHso6_2_Projection_View_Model\GLSLExperiment\example1.cpp(381,67): warning C4305: 'argument': truncation from 'double' to 'const GLfloat'
C:\Users\van46\Documents\Computer-Graphic\BaiTHso6_2_Projection_View_Model\BaiTHso6_2_Projection_View_Model\GLSLExperiment\example1.cpp(381,53): warning C4305: 'argument': truncation from 'double' to 'const GLfloat'
C:\Users\van46\Documents\Computer-Graphic\BaiTHso6_2_Projection_View_Model\BaiTHso6_2_Projection_View_Model\GLSLExperiment\example1.cpp(385,36): warning C4305: 'argument': truncation from 'double' to 'const GLfloat'
C:\Users\van46\Documents\Computer-Graphic\BaiTHso6_2_Projection_View_Model\BaiTHso6_2_Projection_View_Model\GLSLExperiment\example1.cpp(385,30): warning C4305: 'argument': truncation from 'double' to 'const GLfloat'
C:\Users\van46\Documents\Computer-Graphic\BaiTHso6_2_Projection_View_Model\BaiTHso6_2_Projection_View_Model\GLSLExperiment\example1.cpp(385,24): warning C4305: 'argument': truncation from 'double' to 'const GLfloat'
C:\Users\van46\Documents\Computer-Graphic\BaiTHso6_2_Projection_View_Model\BaiTHso6_2_Projection_View_Model\GLSLExperiment\example1.cpp(385,60): warning C4305: 'argument': truncation from 'double' to 'const GLfloat'
C:\Users\van46\Documents\Computer-Graphic\BaiTHso6_2_Projection_View_Model\BaiTHso6_2_Projection_View_Model\GLSLExperiment\example1.cpp(385,53): warning C4305: 'argument': truncation from 'double' to 'const GLfloat'
C:\Users\van46\Documents\Computer-Graphic\BaiTHso6_2_Projection_View_Model\BaiTHso6_2_Projection_View_Model\GLSLExperiment\example1.cpp(389,36): warning C4305: 'argument': truncation from 'double' to 'const GLfloat'
C:\Users\van46\Documents\Computer-Graphic\BaiTHso6_2_Projection_View_Model\BaiTHso6_2_Projection_View_Model\GLSLExperiment\example1.cpp(389,30): warning C4305: 'argument': truncation from 'double' to 'const GLfloat'
C:\Users\van46\Documents\Computer-Graphic\BaiTHso6_2_Projection_View_Model\BaiTHso6_2_Projection_View_Model\GLSLExperiment\example1.cpp(389,24): warning C4305: 'argument': truncation from 'double' to 'const GLfloat'
C:\Users\van46\Documents\Computer-Graphic\BaiTHso6_2_Projection_View_Model\BaiTHso6_2_Projection_View_Model\GLSLExperiment\example1.cpp(389,60): warning C4305: 'argument': truncation from 'double' to 'const GLfloat'
C:\Users\van46\Documents\Computer-Graphic\BaiTHso6_2_Projection_View_Model\BaiTHso6_2_Projection_View_Model\GLSLExperiment\example1.cpp(389,53): warning C4305: 'argument': truncation from 'double' to 'const GLfloat'
C:\Users\van46\Documents\Computer-Graphic\BaiTHso6_2_Projection_View_Model\BaiTHso6_2_Projection_View_Model\GLSLExperiment\example1.cpp(394,36): warning C4305: 'argument': truncation from 'double' to 'const GLfloat'
C:\Users\van46\Documents\Computer-Graphic\BaiTHso6_2_Projection_View_Model\BaiTHso6_2_Projection_View_Model\GLSLExperiment\example1.cpp(394,30): warning C4305: 'argument': truncation from 'double' to 'const GLfloat'
C:\Users\van46\Documents\Computer-Graphic\BaiTHso6_2_Projection_View_Model\BaiTHso6_2_Projection_View_Model\GLSLExperiment\example1.cpp(394,24): warning C4305: 'argument': truncation from 'double' to 'const GLfloat'
C:\Users\van46\Documents\Computer-Graphic\BaiTHso6_2_Projection_View_Model\BaiTHso6_2_Projection_View_Model\GLSLExperiment\example1.cpp(394,60): warning C4305: 'argument': truncation from 'double' to 'const GLfloat'
C:\Users\van46\Documents\Computer-Graphic\BaiTHso6_2_Projection_View_Model\BaiTHso6_2_Projection_View_Model\GLSLExperiment\example1.cpp(394,53): warning C4305: 'argument': truncation from 'double' to 'const GLfloat'
C:\Users\van46\Documents\Computer-Graphic\BaiTHso6_2_Projection_View_Model\BaiTHso6_2_Projection_View_Model\GLSLExperiment\example1.cpp(414,24): warning C4305: 'argument': truncation from 'double' to 'const GLfloat'
C:\Users\van46\Documents\Computer-Graphic\BaiTHso6_2_Projection_View_Model\BaiTHso6_2_Projection_View_Model\GLSLExperiment\example1.cpp(424,30): warning C4244: '=': conversion from 'double' to 'GLfloat', possible loss of data
C:\Users\van46\Documents\Computer-Graphic\BaiTHso6_2_Projection_View_Model\BaiTHso6_2_Projection_View_Model\GLSLExperiment\example1.cpp(425,35): warning C4244: '=': conversion from 'double' to 'GLfloat', possible loss of data
C:\Users\van46\Documents\Computer-Graphic\BaiTHso6_2_Projection_View_Model\BaiTHso6_2_Projection_View_Model\GLSLExperiment\example1.cpp(426,35): warning C4244: '=': conversion from 'double' to 'GLfloat', possible loss of data
C:\Users\van46\Documents\Computer-Graphic\BaiTHso6_2_Projection_View_Model\BaiTHso6_2_Projection_View_Model\GLSLExperiment\example1.cpp(442,34): warning C4305: 'argument': truncation from 'double' to 'const GLfloat'
C:\Users\van46\Documents\Computer-Graphic\BaiTHso6_2_Projection_View_Model\BaiTHso6_2_Projection_View_Model\GLSLExperiment\example1.cpp(442,29): warning C4305: 'argument': truncation from 'double' to 'const GLfloat'
C:\Users\van46\Documents\Computer-Graphic\BaiTHso6_2_Projection_View_Model\BaiTHso6_2_Projection_View_Model\GLSLExperiment\example1.cpp(442,24): warning C4305: 'argument': truncation from 'double' to 'const GLfloat'
C:\Users\van46\Documents\Computer-Graphic\BaiTHso6_2_Projection_View_Model\BaiTHso6_2_Projection_View_Model\GLSLExperiment\example1.cpp(448,35): warning C4305: 'argument': truncation from 'double' to 'const GLfloat'
C:\Users\van46\Documents\Computer-Graphic\BaiTHso6_2_Projection_View_Model\BaiTHso6_2_Projection_View_Model\GLSLExperiment\example1.cpp(448,30): warning C4305: 'argument': truncation from 'double' to 'const GLfloat'
C:\Users\van46\Documents\Computer-Graphic\BaiTHso6_2_Projection_View_Model\BaiTHso6_2_Projection_View_Model\GLSLExperiment\example1.cpp(448,24): warning C4305: 'argument': truncation from 'double' to 'const GLfloat'
C:\Users\van46\Documents\Computer-Graphic\BaiTHso6_2_Projection_View_Model\BaiTHso6_2_Projection_View_Model\GLSLExperiment\example1.cpp(448,58): warning C4305: 'argument': truncation from 'double' to 'const GLfloat'
C:\Users\van46\Documents\Computer-Graphic\BaiTHso6_2_Projection_View_Model\BaiTHso6_2_Projection_View_Model\GLSLExperiment\example1.cpp(448,52): warning C4305: 'argument': truncation from 'double' to 'const GLfloat'
C:\Users\van46\Documents\Computer-Graphic\BaiTHso6_2_Projection_View_Model\BaiTHso6_2_Projection_View_Model\GLSLExperiment\example1.cpp(454,34): warning C4305: 'argument': truncation from 'double' to 'const GLfloat'
C:\Users\van46\Documents\Computer-Graphic\BaiTHso6_2_Projection_View_Model\BaiTHso6_2_Projection_View_Model\GLSLExperiment\example1.cpp(454,29): warning C4305: 'argument': truncation from 'double' to 'const GLfloat'
C:\Users\van46\Documents\Computer-Graphic\BaiTHso6_2_Projection_View_Model\BaiTHso6_2_Projection_View_Model\GLSLExperiment\example1.cpp(454,24): warning C4305: 'argument': truncation from 'double' to 'const GLfloat'
C:\Users\van46\Documents\Computer-Graphic\BaiTHso6_2_Projection_View_Model\BaiTHso6_2_Projection_View_Model\GLSLExperiment\example1.cpp(454,56): warning C4305: 'argument': truncation from 'double' to 'const GLfloat'
C:\Users\van46\Documents\Computer-Graphic\BaiTHso6_2_Projection_View_Model\BaiTHso6_2_Projection_View_Model\GLSLExperiment\example1.cpp(454,50): warning C4305: 'argument': truncation from 'double' to 'const GLfloat'
C:\Users\van46\Documents\Computer-Graphic\BaiTHso6_2_Projection_View_Model\BaiTHso6_2_Projection_View_Model\GLSLExperiment\example1.cpp(460,36): warning C4305: 'argument': truncation from 'double' to 'const GLfloat'
C:\Users\van46\Documents\Computer-Graphic\BaiTHso6_2_Projection_View_Model\BaiTHso6_2_Projection_View_Model\GLSLExperiment\example1.cpp(460,30): warning C4305: 'argument': truncation from 'double' to 'const GLfloat'
C:\Users\van46\Documents\Computer-Graphic\BaiTHso6_2_Projection_View_Model\BaiTHso6_2_Projection_View_Model\GLSLExperiment\example1.cpp(460,24): warning C4305: 'argument': truncation from 'double' to 'const GLfloat'
C:\Users\van46\Documents\Computer-Graphic\BaiTHso6_2_Projection_View_Model\BaiTHso6_2_Projection_View_Model\GLSLExperiment\example1.cpp(460,60): warning C4305: 'argument': truncation from 'double' to 'const GLfloat'
C:\Users\van46\Documents\Computer-Graphic\BaiTHso6_2_Projection_View_Model\BaiTHso6_2_Projection_View_Model\GLSLExperiment\example1.cpp(460,53): warning C4305: 'argument': truncation from 'double' to 'const GLfloat'
C:\Users\van46\Documents\Computer-Graphic\BaiTHso6_2_Projection_View_Model\BaiTHso6_2_Projection_View_Model\GLSLExperiment\example1.cpp(466,36): warning C4305: 'argument': truncation from 'double' to 'const GLfloat'
C:\Users\van46\Documents\Computer-Graphic\BaiTHso6_2_Projection_View_Model\BaiTHso6_2_Projection_View_Model\GLSLExperiment\example1.cpp(466,30): warning C4305: 'argument': truncation from 'double' to 'const GLfloat'
C:\Users\van46\Documents\Computer-Graphic\BaiTHso6_2_Projection_View_Model\BaiTHso6_2_Projection_View_Model\GLSLExperiment\example1.cpp(466,24): warning C4305: 'argument': truncation from 'double' to 'const GLfloat'
C:\Users\van46\Documents\Computer-Graphic\BaiTHso6_2_Projection_View_Model\BaiTHso6_2_Projection_View_Model\GLSLExperiment\example1.cpp(466,60): warning C4305: 'argument': truncation from 'double' to 'const GLfloat'
C:\Users\van46\Documents\Computer-Graphic\BaiTHso6_2_Projection_View_Model\BaiTHso6_2_Projection_View_Model\GLSLExperiment\example1.cpp(466,53): warning C4305: 'argument': truncation from 'double' to 'const GLfloat'
C:\Users\van46\Documents\Computer-Graphic\BaiTHso6_2_Projection_View_Model\BaiTHso6_2_Projection_View_Model\GLSLExperiment\example1.cpp(472,35): warning C4305: 'argument': truncation from 'double' to 'const GLfloat'
C:\Users\van46\Documents\Computer-Graphic\BaiTHso6_2_Projection_View_Model\BaiTHso6_2_Projection_View_Model\GLSLExperiment\example1.cpp(472,30): warning C4305: 'argument': truncation from 'double' to 'const GLfloat'
C:\Users\van46\Documents\Computer-Graphic\BaiTHso6_2_Projection_View_Model\BaiTHso6_2_Projection_View_Model\GLSLExperiment\example1.cpp(472,24): warning C4305: 'argument': truncation from 'double' to 'const GLfloat'
C:\Users\van46\Documents\Computer-Graphic\BaiTHso6_2_Projection_View_Model\BaiTHso6_2_Projection_View_Model\GLSLExperiment\example1.cpp(472,96): warning C4305: 'argument': truncation from 'double' to 'const GLfloat'
C:\Users\van46\Documents\Computer-Graphic\BaiTHso6_2_Projection_View_Model\BaiTHso6_2_Projection_View_Model\GLSLExperiment\example1.cpp(472,90): warning C4305: 'argument': truncation from 'double' to 'const GLfloat'
C:\Users\van46\Documents\Computer-Graphic\BaiTHso6_2_Projection_View_Model\BaiTHso6_2_Projection_View_Model\GLSLExperiment\example1.cpp(472,83): warning C4305: 'argument': truncation from 'double' to 'const GLfloat'
C:\Users\van46\Documents\Computer-Graphic\BaiTHso6_2_Projection_View_Model\BaiTHso6_2_Projection_View_Model\GLSLExperiment\example1.cpp(479,31): warning C4305: 'argument': truncation from 'double' to 'const GLfloat'
C:\Users\van46\Documents\Computer-Graphic\BaiTHso6_2_Projection_View_Model\BaiTHso6_2_Projection_View_Model\GLSLExperiment\example1.cpp(495,28): warning C4305: 'argument': truncation from 'double' to 'const GLfloat'
C:\Users\van46\Documents\Computer-Graphic\BaiTHso6_2_Projection_View_Model\BaiTHso6_2_Projection_View_Model\GLSLExperiment\example1.cpp(495,82): warning C4305: 'argument': truncation from 'double' to 'const GLfloat'
C:\Users\van46\Documents\Computer-Graphic\BaiTHso6_2_Projection_View_Model\BaiTHso6_2_Projection_View_Model\GLSLExperiment\example1.cpp(497,35): warning C4305: 'argument': truncation from 'double' to 'const GLfloat'
C:\Users\van46\Documents\Computer-Graphic\BaiTHso6_2_Projection_View_Model\BaiTHso6_2_Projection_View_Model\GLSLExperiment\example1.cpp(497,28): warning C4305: 'argument': truncation from 'double' to 'const GLfloat'
C:\Users\van46\Documents\Computer-Graphic\BaiTHso6_2_Projection_View_Model\BaiTHso6_2_Projection_View_Model\GLSLExperiment\example1.cpp(497,90): warning C4305: 'argument': truncation from 'double' to 'const GLfloat'
C:\Users\van46\Documents\Computer-Graphic\BaiTHso6_2_Projection_View_Model\BaiTHso6_2_Projection_View_Model\GLSLExperiment\example1.cpp(497,84): warning C4305: 'argument': truncation from 'double' to 'const GLfloat'
C:\Users\van46\Documents\Computer-Graphic\BaiTHso6_2_Projection_View_Model\BaiTHso6_2_Projection_View_Model\GLSLExperiment\example1.cpp(500,31): warning C4305: 'argument': truncation from 'double' to 'const GLfloat'
C:\Users\van46\Documents\Computer-Graphic\BaiTHso6_2_Projection_View_Model\BaiTHso6_2_Projection_View_Model\GLSLExperiment\example1.cpp(500,80): warning C4305: 'argument': truncation from 'double' to 'const GLfloat'
C:\Users\van46\Documents\Computer-Graphic\BaiTHso6_2_Projection_View_Model\BaiTHso6_2_Projection_View_Model\GLSLExperiment\example1.cpp(511,35): warning C4305: 'argument': truncation from 'double' to 'const GLfloat'
C:\Users\van46\Documents\Computer-Graphic\BaiTHso6_2_Projection_View_Model\BaiTHso6_2_Projection_View_Model\GLSLExperiment\example1.cpp(511,30): warning C4305: 'argument': truncation from 'double' to 'const GLfloat'
C:\Users\van46\Documents\Computer-Graphic\BaiTHso6_2_Projection_View_Model\BaiTHso6_2_Projection_View_Model\GLSLExperiment\example1.cpp(511,24): warning C4305: 'argument': truncation from 'double' to 'const GLfloat'
C:\Users\van46\Documents\Computer-Graphic\BaiTHso6_2_Projection_View_Model\BaiTHso6_2_Projection_View_Model\GLSLExperiment\example1.cpp(511,55): warning C4305: 'argument': truncation from 'double' to 'const GLfloat'
C:\Users\van46\Documents\Computer-Graphic\BaiTHso6_2_Projection_View_Model\BaiTHso6_2_Projection_View_Model\GLSLExperiment\example1.cpp(512,35): warning C4305: 'argument': truncation from 'double' to 'const GLfloat'
C:\Users\van46\Documents\Computer-Graphic\BaiTHso6_2_Projection_View_Model\BaiTHso6_2_Projection_View_Model\GLSLExperiment\example1.cpp(512,30): warning C4305: 'argument': truncation from 'double' to 'const GLfloat'
C:\Users\van46\Documents\Computer-Graphic\BaiTHso6_2_Projection_View_Model\BaiTHso6_2_Projection_View_Model\GLSLExperiment\example1.cpp(512,24): warning C4305: 'argument': truncation from 'double' to 'const GLfloat'
C:\Users\van46\Documents\Computer-Graphic\BaiTHso6_2_Projection_View_Model\BaiTHso6_2_Projection_View_Model\GLSLExperiment\example1.cpp(518,34): warning C4305: 'argument': truncation from 'double' to 'const GLfloat'
C:\Users\van46\Documents\Computer-Graphic\BaiTHso6_2_Projection_View_Model\BaiTHso6_2_Projection_View_Model\GLSLExperiment\example1.cpp(518,29): warning C4305: 'argument': truncation from 'double' to 'const GLfloat'
C:\Users\van46\Documents\Computer-Graphic\BaiTHso6_2_Projection_View_Model\BaiTHso6_2_Projection_View_Model\GLSLExperiment\example1.cpp(518,24): warning C4305: 'argument': truncation from 'double' to 'const GLfloat'
C:\Users\van46\Documents\Computer-Graphic\BaiTHso6_2_Projection_View_Model\BaiTHso6_2_Projection_View_Model\GLSLExperiment\example1.cpp(518,53): warning C4305: 'argument': truncation from 'double' to 'const GLfloat'
C:\Users\van46\Documents\Computer-Graphic\BaiTHso6_2_Projection_View_Model\BaiTHso6_2_Projection_View_Model\GLSLExperiment\example1.cpp(523,35): warning C4305: 'argument': truncation from 'double' to 'const GLfloat'
C:\Users\van46\Documents\Computer-Graphic\BaiTHso6_2_Projection_View_Model\BaiTHso6_2_Projection_View_Model\GLSLExperiment\example1.cpp(523,29): warning C4305: 'argument': truncation from 'double' to 'const GLfloat'
C:\Users\van46\Documents\Computer-Graphic\BaiTHso6_2_Projection_View_Model\BaiTHso6_2_Projection_View_Model\GLSLExperiment\example1.cpp(523,24): warning C4305: 'argument': truncation from 'double' to 'const GLfloat'
C:\Users\van46\Documents\Computer-Graphic\BaiTHso6_2_Projection_View_Model\BaiTHso6_2_Projection_View_Model\GLSLExperiment\example1.cpp(523,86): warning C4305: 'argument': truncation from 'double' to 'const GLfloat'
C:\Users\van46\Documents\Computer-Graphic\BaiTHso6_2_Projection_View_Model\BaiTHso6_2_Projection_View_Model\GLSLExperiment\example1.cpp(550,35): warning C4305: 'argument': truncation from 'double' to 'const GLfloat'
C:\Users\van46\Documents\Computer-Graphic\BaiTHso6_2_Projection_View_Model\BaiTHso6_2_Projection_View_Model\GLSLExperiment\example1.cpp(550,29): warning C4305: 'argument': truncation from 'double' to 'const GLfloat'
C:\Users\van46\Documents\Computer-Graphic\BaiTHso6_2_Projection_View_Model\BaiTHso6_2_Projection_View_Model\GLSLExperiment\example1.cpp(550,24): warning C4305: 'argument': truncation from 'double' to 'const GLfloat'
C:\Users\van46\Documents\Computer-Graphic\BaiTHso6_2_Projection_View_Model\BaiTHso6_2_Projection_View_Model\GLSLExperiment\example1.cpp(550,55): warning C4305: 'argument': truncation from 'double' to 'const GLfloat'
C:\Users\van46\Documents\Computer-Graphic\BaiTHso6_2_Projection_View_Model\BaiTHso6_2_Projection_View_Model\GLSLExperiment\example1.cpp(551,35): warning C4305: 'argument': truncation from 'double' to 'const GLfloat'
C:\Users\van46\Documents\Computer-Graphic\BaiTHso6_2_Projection_View_Model\BaiTHso6_2_Projection_View_Model\GLSLExperiment\example1.cpp(551,29): warning C4305: 'argument': truncation from 'double' to 'const GLfloat'
C:\Users\van46\Documents\Computer-Graphic\BaiTHso6_2_Projection_View_Model\BaiTHso6_2_Projection_View_Model\GLSLExperiment\example1.cpp(551,24): warning C4305: 'argument': truncation from 'double' to 'const GLfloat'
C:\Users\van46\Documents\Computer-Graphic\BaiTHso6_2_Projection_View_Model\BaiTHso6_2_Projection_View_Model\GLSLExperiment\example1.cpp(551,55): warning C4305: 'argument': truncation from 'double' to 'const GLfloat'
C:\Users\van46\Documents\Computer-Graphic\BaiTHso6_2_Projection_View_Model\BaiTHso6_2_Projection_View_Model\GLSLExperiment\example1.cpp(552,36): warning C4305: 'argument': truncation from 'double' to 'const GLfloat'
C:\Users\van46\Documents\Computer-Graphic\BaiTHso6_2_Projection_View_Model\BaiTHso6_2_Projection_View_Model\GLSLExperiment\example1.cpp(552,30): warning C4305: 'argument': truncation from 'double' to 'const GLfloat'
C:\Users\van46\Documents\Computer-Graphic\BaiTHso6_2_Projection_View_Model\BaiTHso6_2_Projection_View_Model\GLSLExperiment\example1.cpp(552,24): warning C4305: 'argument': truncation from 'double' to 'const GLfloat'
C:\Users\van46\Documents\Computer-Graphic\BaiTHso6_2_Projection_View_Model\BaiTHso6_2_Projection_View_Model\GLSLExperiment\example1.cpp(552,53): warning C4305: 'argument': truncation from 'double' to 'const GLfloat'
C:\Users\van46\Documents\Computer-Graphic\BaiTHso6_2_Projection_View_Model\BaiTHso6_2_Projection_View_Model\GLSLExperiment\example1.cpp(553,36): warning C4305: 'argument': truncation from 'double' to 'const GLfloat'
C:\Users\van46\Documents\Computer-Graphic\BaiTHso6_2_Projection_View_Model\BaiTHso6_2_Projection_View_Model\GLSLExperiment\example1.cpp(553,30): warning C4305: 'argument': truncation from 'double' to 'const GLfloat'
C:\Users\van46\Documents\Computer-Graphic\BaiTHso6_2_Projection_View_Model\BaiTHso6_2_Projection_View_Model\GLSLExperiment\example1.cpp(553,24): warning C4305: 'argument': truncation from 'double' to 'const GLfloat'
C:\Users\van46\Documents\Computer-Graphic\BaiTHso6_2_Projection_View_Model\BaiTHso6_2_Projection_View_Model\GLSLExperiment\example1.cpp(553,53): warning C4305: 'argument': truncation from 'double' to 'const GLfloat'
C:\Users\van46\Documents\Computer-Graphic\BaiTHso6_2_Projection_View_Model\BaiTHso6_2_Projection_View_Model\GLSLExperiment\example1.cpp(559,34): warning C4305: 'argument': truncation from 'double' to 'const GLfloat'
C:\Users\van46\Documents\Computer-Graphic\BaiTHso6_2_Projection_View_Model\BaiTHso6_2_Projection_View_Model\GLSLExperiment\example1.cpp(559,29): warning C4305: 'argument': truncation from 'double' to 'const GLfloat'
C:\Users\van46\Documents\Computer-Graphic\BaiTHso6_2_Projection_View_Model\BaiTHso6_2_Projection_View_Model\GLSLExperiment\example1.cpp(559,24): warning C4305: 'argument': truncation from 'double' to 'const GLfloat'
C:\Users\van46\Documents\Computer-Graphic\BaiTHso6_2_Projection_View_Model\BaiTHso6_2_Projection_View_Model\GLSLExperiment\example1.cpp(573,35): warning C4305: 'argument': truncation from 'double' to 'const GLfloat'
C:\Users\van46\Documents\Computer-Graphic\BaiTHso6_2_Projection_View_Model\BaiTHso6_2_Projection_View_Model\GLSLExperiment\example1.cpp(573,29): warning C4305: 'argument': truncation from 'double' to 'const GLfloat'
C:\Users\van46\Documents\Computer-Graphic\BaiTHso6_2_Projection_View_Model\BaiTHso6_2_Projection_View_Model\GLSLExperiment\example1.cpp(573,24): warning C4305: 'argument': truncation from 'double' to 'const GLfloat'
C:\Users\van46\Documents\Computer-Graphic\BaiTHso6_2_Projection_View_Model\BaiTHso6_2_Projection_View_Model\GLSLExperiment\example1.cpp(577,35): warning C4305: 'argument': truncation from 'double' to 'const GLfloat'
C:\Users\van46\Documents\Computer-Graphic\BaiTHso6_2_Projection_View_Model\BaiTHso6_2_Projection_View_Model\GLSLExperiment\example1.cpp(577,30): warning C4305: 'argument': truncation from 'double' to 'const GLfloat'
C:\Users\van46\Documents\Computer-Graphic\BaiTHso6_2_Projection_View_Model\BaiTHso6_2_Projection_View_Model\GLSLExperiment\example1.cpp(577,24): warning C4305: 'argument': truncation from 'double' to 'const GLfloat'
C:\Users\van46\Documents\Computer-Graphic\BaiTHso6_2_Projection_View_Model\BaiTHso6_2_Projection_View_Model\GLSLExperiment\example1.cpp(577,68): warning C4305: 'argument': truncation from 'double' to 'const GLfloat'
C:\Users\van46\Documents\Computer-Graphic\BaiTHso6_2_Projection_View_Model\BaiTHso6_2_Projection_View_Model\GLSLExperiment\example1.cpp(577,60): warning C4305: 'argument': truncation from 'double' to 'const GLfloat'
C:\Users\van46\Documents\Computer-Graphic\BaiTHso6_2_Projection_View_Model\BaiTHso6_2_Projection_View_Model\GLSLExperiment\example1.cpp(578,35): warning C4305: 'argument': truncation from 'double' to 'const GLfloat'
C:\Users\van46\Documents\Computer-Graphic\BaiTHso6_2_Projection_View_Model\BaiTHso6_2_Projection_View_Model\GLSLExperiment\example1.cpp(578,30): warning C4305: 'argument': truncation from 'double' to 'const GLfloat'
C:\Users\van46\Documents\Computer-Graphic\BaiTHso6_2_Projection_View_Model\BaiTHso6_2_Projection_View_Model\GLSLExperiment\example1.cpp(578,24): warning C4305: 'argument': truncation from 'double' to 'const GLfloat'
C:\Users\van46\Documents\Computer-Graphic\BaiTHso6_2_Projection_View_Model\BaiTHso6_2_Projection_View_Model\GLSLExperiment\example1.cpp(578,67): warning C4305: 'argument': truncation from 'double' to 'const GLfloat'
C:\Users\van46\Documents\Computer-Graphic\BaiTHso6_2_Projection_View_Model\BaiTHso6_2_Projection_View_Model\GLSLExperiment\example1.cpp(578,59): warning C4305: 'argument': truncation from 'double' to 'const GLfloat'
C:\Users\van46\Documents\Computer-Graphic\BaiTHso6_2_Projection_View_Model\BaiTHso6_2_Projection_View_Model\GLSLExperiment\example1.cpp(579,36): warning C4305: 'argument': truncation from 'double' to 'const GLfloat'
C:\Users\van46\Documents\Computer-Graphic\BaiTHso6_2_Projection_View_Model\BaiTHso6_2_Projection_View_Model\GLSLExperiment\example1.cpp(579,30): warning C4305: 'argument': truncation from 'double' to 'const GLfloat'
C:\Users\van46\Documents\Computer-Graphic\BaiTHso6_2_Projection_View_Model\BaiTHso6_2_Projection_View_Model\GLSLExperiment\example1.cpp(579,66): warning C4305: 'argument': truncation from 'double' to 'const GLfloat'
C:\Users\van46\Documents\Computer-Graphic\BaiTHso6_2_Projection_View_Model\BaiTHso6_2_Projection_View_Model\GLSLExperiment\example1.cpp(579,58): warning C4305: 'argument': truncation from 'double' to 'const GLfloat'
C:\Users\van46\Documents\Computer-Graphic\BaiTHso6_2_Projection_View_Model\BaiTHso6_2_Projection_View_Model\GLSLExperiment\example1.cpp(583,35): warning C4305: 'argument': truncation from 'double' to 'const GLfloat'
C:\Users\van46\Documents\Computer-Graphic\BaiTHso6_2_Projection_View_Model\BaiTHso6_2_Projection_View_Model\GLSLExperiment\example1.cpp(583,30): warning C4305: 'argument': truncation from 'double' to 'const GLfloat'
C:\Users\van46\Documents\Computer-Graphic\BaiTHso6_2_Projection_View_Model\BaiTHso6_2_Projection_View_Model\GLSLExperiment\example1.cpp(583,24): warning C4305: 'argument': truncation from 'double' to 'const GLfloat'
C:\Users\van46\Documents\Computer-Graphic\BaiTHso6_2_Projection_View_Model\BaiTHso6_2_Projection_View_Model\GLSLExperiment\example1.cpp(583,68): warning C4305: 'argument': truncation from 'double' to 'const GLfloat'
C:\Users\van46\Documents\Computer-Graphic\BaiTHso6_2_Projection_View_Model\BaiTHso6_2_Projection_View_Model\GLSLExperiment\example1.cpp(583,60): warning C4305: 'argument': truncation from 'double' to 'const GLfloat'
C:\Users\van46\Documents\Computer-Graphic\BaiTHso6_2_Projection_View_Model\BaiTHso6_2_Projection_View_Model\GLSLExperiment\example1.cpp(584,35): warning C4305: 'argument': truncation from 'double' to 'const GLfloat'
C:\Users\van46\Documents\Computer-Graphic\BaiTHso6_2_Projection_View_Model\BaiTHso6_2_Projection_View_Model\GLSLExperiment\example1.cpp(584,30): warning C4305: 'argument': truncation from 'double' to 'const GLfloat'
C:\Users\van46\Documents\Computer-Graphic\BaiTHso6_2_Projection_View_Model\BaiTHso6_2_Projection_View_Model\GLSLExperiment\example1.cpp(584,24): warning C4305: 'argument': truncation from 'double' to 'const GLfloat'
C:\Users\van46\Documents\Computer-Graphic\BaiTHso6_2_Projection_View_Model\BaiTHso6_2_Projection_View_Model\GLSLExperiment\example1.cpp(584,67): warning C4305: 'argument': truncation from 'double' to 'const GLfloat'
C:\Users\van46\Documents\Computer-Graphic\BaiTHso6_2_Projection_View_Model\BaiTHso6_2_Projection_View_Model\GLSLExperiment\example1.cpp(584,59): warning C4305: 'argument': truncation from 'double' to 'const GLfloat'
C:\Users\van46\Documents\Computer-Graphic\BaiTHso6_2_Projection_View_Model\BaiTHso6_2_Projection_View_Model\GLSLExperiment\example1.cpp(585,36): warning C4305: 'argument': truncation from 'double' to 'const GLfloat'
C:\Users\van46\Documents\Computer-Graphic\BaiTHso6_2_Projection_View_Model\BaiTHso6_2_Projection_View_Model\GLSLExperiment\example1.cpp(585,30): warning C4305: 'argument': truncation from 'double' to 'const GLfloat'
C:\Users\van46\Documents\Computer-Graphic\BaiTHso6_2_Projection_View_Model\BaiTHso6_2_Projection_View_Model\GLSLExperiment\example1.cpp(585,66): warning C4305: 'argument': truncation from 'double' to 'const GLfloat'
C:\Users\van46\Documents\Computer-Graphic\BaiTHso6_2_Projection_View_Model\BaiTHso6_2_Projection_View_Model\GLSLExperiment\example1.cpp(585,58): warning C4305: 'argument': truncation from 'double' to 'const GLfloat'
C:\Users\van46\Documents\Computer-Graphic\BaiTHso6_2_Projection_View_Model\BaiTHso6_2_Projection_View_Model\GLSLExperiment\example1.cpp(592,34): warning C4305: 'argument': truncation from 'double' to 'const GLfloat'
C:\Users\van46\Documents\Computer-Graphic\BaiTHso6_2_Projection_View_Model\BaiTHso6_2_Projection_View_Model\GLSLExperiment\example1.cpp(592,85): warning C4305: 'argument': truncation from 'double' to 'const GLfloat'
C:\Users\van46\Documents\Computer-Graphic\BaiTHso6_2_Projection_View_Model\BaiTHso6_2_Projection_View_Model\GLSLExperiment\example1.cpp(596,34): warning C4305: 'argument': truncation from 'double' to 'const GLfloat'
C:\Users\van46\Documents\Computer-Graphic\BaiTHso6_2_Projection_View_Model\BaiTHso6_2_Projection_View_Model\GLSLExperiment\example1.cpp(596,86): warning C4305: 'argument': truncation from 'double' to 'const GLfloat'
C:\Users\van46\Documents\Computer-Graphic\BaiTHso6_2_Projection_View_Model\BaiTHso6_2_Projection_View_Model\GLSLExperiment\example1.cpp(604,34): warning C4305: 'argument': truncation from 'double' to 'const GLfloat'
C:\Users\van46\Documents\Computer-Graphic\BaiTHso6_2_Projection_View_Model\BaiTHso6_2_Projection_View_Model\GLSLExperiment\example1.cpp(604,29): warning C4305: 'argument': truncation from 'double' to 'const GLfloat'
C:\Users\van46\Documents\Computer-Graphic\BaiTHso6_2_Projection_View_Model\BaiTHso6_2_Projection_View_Model\GLSLExperiment\example1.cpp(605,35): warning C4305: 'argument': truncation from 'double' to 'const GLfloat'
C:\Users\van46\Documents\Computer-Graphic\BaiTHso6_2_Projection_View_Model\BaiTHso6_2_Projection_View_Model\GLSLExperiment\example1.cpp(605,30): warning C4305: 'argument': truncation from 'double' to 'const GLfloat'
C:\Users\van46\Documents\Computer-Graphic\BaiTHso6_2_Projection_View_Model\BaiTHso6_2_Projection_View_Model\GLSLExperiment\example1.cpp(605,24): warning C4305: 'argument': truncation from 'double' to 'const GLfloat'
C:\Users\van46\Documents\Computer-Graphic\BaiTHso6_2_Projection_View_Model\BaiTHso6_2_Projection_View_Model\GLSLExperiment\example1.cpp(605,59): warning C4305: 'argument': truncation from 'double' to 'const GLfloat'
C:\Users\van46\Documents\Computer-Graphic\BaiTHso6_2_Projection_View_Model\BaiTHso6_2_Projection_View_Model\GLSLExperiment\example1.cpp(605,51): warning C4305: 'argument': truncation from 'double' to 'const GLfloat'
C:\Users\van46\Documents\Computer-Graphic\BaiTHso6_2_Projection_View_Model\BaiTHso6_2_Projection_View_Model\GLSLExperiment\example1.cpp(606,35): warning C4305: 'argument': truncation from 'double' to 'const GLfloat'
C:\Users\van46\Documents\Computer-Graphic\BaiTHso6_2_Projection_View_Model\BaiTHso6_2_Projection_View_Model\GLSLExperiment\example1.cpp(606,30): warning C4305: 'argument': truncation from 'double' to 'const GLfloat'
C:\Users\van46\Documents\Computer-Graphic\BaiTHso6_2_Projection_View_Model\BaiTHso6_2_Projection_View_Model\GLSLExperiment\example1.cpp(606,24): warning C4305: 'argument': truncation from 'double' to 'const GLfloat'
C:\Users\van46\Documents\Computer-Graphic\BaiTHso6_2_Projection_View_Model\BaiTHso6_2_Projection_View_Model\GLSLExperiment\example1.cpp(606,64): warning C4305: 'argument': truncation from 'double' to 'const GLfloat'
C:\Users\van46\Documents\Computer-Graphic\BaiTHso6_2_Projection_View_Model\BaiTHso6_2_Projection_View_Model\GLSLExperiment\example1.cpp(606,58): warning C4305: 'argument': truncation from 'double' to 'const GLfloat'
C:\Users\van46\Documents\Computer-Graphic\BaiTHso6_2_Projection_View_Model\BaiTHso6_2_Projection_View_Model\GLSLExperiment\example1.cpp(606,51): warning C4305: 'argument': truncation from 'double' to 'const GLfloat'
C:\Users\van46\Documents\Computer-Graphic\BaiTHso6_2_Projection_View_Model\BaiTHso6_2_Projection_View_Model\GLSLExperiment\example1.cpp(607,35): warning C4305: 'argument': truncation from 'double' to 'const GLfloat'
C:\Users\van46\Documents\Computer-Graphic\BaiTHso6_2_Projection_View_Model\BaiTHso6_2_Projection_View_Model\GLSLExperiment\example1.cpp(607,30): warning C4305: 'argument': truncation from 'double' to 'const GLfloat'
C:\Users\van46\Documents\Computer-Graphic\BaiTHso6_2_Projection_View_Model\BaiTHso6_2_Projection_View_Model\GLSLExperiment\example1.cpp(607,24): warning C4305: 'argument': truncation from 'double' to 'const GLfloat'
C:\Users\van46\Documents\Computer-Graphic\BaiTHso6_2_Projection_View_Model\BaiTHso6_2_Projection_View_Model\GLSLExperiment\example1.cpp(607,64): warning C4305: 'argument': truncation from 'double' to 'const GLfloat'
C:\Users\van46\Documents\Computer-Graphic\BaiTHso6_2_Projection_View_Model\BaiTHso6_2_Projection_View_Model\GLSLExperiment\example1.cpp(607,58): warning C4305: 'argument': truncation from 'double' to 'const GLfloat'
C:\Users\van46\Documents\Computer-Graphic\BaiTHso6_2_Projection_View_Model\BaiTHso6_2_Projection_View_Model\GLSLExperiment\example1.cpp(607,51): warning C4305: 'argument': truncation from 'double' to 'const GLfloat'
C:\Users\van46\Documents\Computer-Graphic\BaiTHso6_2_Projection_View_Model\BaiTHso6_2_Projection_View_Model\GLSLExperiment\example1.cpp(609,35): warning C4305: 'argument': truncation from 'double' to 'const GLfloat'
C:\Users\van46\Documents\Computer-Graphic\BaiTHso6_2_Projection_View_Model\BaiTHso6_2_Projection_View_Model\GLSLExperiment\example1.cpp(609,30): warning C4305: 'argument': truncation from 'double' to 'const GLfloat'
C:\Users\van46\Documents\Computer-Graphic\BaiTHso6_2_Projection_View_Model\BaiTHso6_2_Projection_View_Model\GLSLExperiment\example1.cpp(609,24): warning C4305: 'argument': truncation from 'double' to 'const GLfloat'
C:\Users\van46\Documents\Computer-Graphic\BaiTHso6_2_Projection_View_Model\BaiTHso6_2_Projection_View_Model\GLSLExperiment\example1.cpp(609,66): warning C4305: 'argument': truncation from 'double' to 'const GLfloat'
C:\Users\van46\Documents\Computer-Graphic\BaiTHso6_2_Projection_View_Model\BaiTHso6_2_Projection_View_Model\GLSLExperiment\example1.cpp(609,60): warning C4305: 'argument': truncation from 'double' to 'const GLfloat'
C:\Users\van46\Documents\Computer-Graphic\BaiTHso6_2_Projection_View_Model\BaiTHso6_2_Projection_View_Model\GLSLExperiment\example1.cpp(609,52): warning C4305: 'argument': truncation from 'double' to 'const GLfloat'
C:\Users\van46\Documents\Computer-Graphic\BaiTHso6_2_Projection_View_Model\BaiTHso6_2_Projection_View_Model\GLSLExperiment\example1.cpp(610,35): warning C4305: 'argument': truncation from 'double' to 'const GLfloat'
C:\Users\van46\Documents\Computer-Graphic\BaiTHso6_2_Projection_View_Model\BaiTHso6_2_Projection_View_Model\GLSLExperiment\example1.cpp(610,30): warning C4305: 'argument': truncation from 'double' to 'const GLfloat'
C:\Users\van46\Documents\Computer-Graphic\BaiTHso6_2_Projection_View_Model\BaiTHso6_2_Projection_View_Model\GLSLExperiment\example1.cpp(610,24): warning C4305: 'argument': truncation from 'double' to 'const GLfloat'
C:\Users\van46\Documents\Computer-Graphic\BaiTHso6_2_Projection_View_Model\BaiTHso6_2_Projection_View_Model\GLSLExperiment\example1.cpp(610,65): warning C4305: 'argument': truncation from 'double' to 'const GLfloat'
C:\Users\van46\Documents\Computer-Graphic\BaiTHso6_2_Projection_View_Model\BaiTHso6_2_Projection_View_Model\GLSLExperiment\example1.cpp(610,59): warning C4305: 'argument': truncation from 'double' to 'const GLfloat'
C:\Users\van46\Documents\Computer-Graphic\BaiTHso6_2_Projection_View_Model\BaiTHso6_2_Projection_View_Model\GLSLExperiment\example1.cpp(610,52): warning C4305: 'argument': truncation from 'double' to 'const GLfloat'
C:\Users\van46\Documents\Computer-Graphic\BaiTHso6_2_Projection_View_Model\BaiTHso6_2_Projection_View_Model\GLSLExperiment\example1.cpp(611,35): warning C4305: 'argument': truncation from 'double' to 'const GLfloat'
C:\Users\van46\Documents\Computer-Graphic\BaiTHso6_2_Projection_View_Model\BaiTHso6_2_Projection_View_Model\GLSLExperiment\example1.cpp(611,30): warning C4305: 'argument': truncation from 'double' to 'const GLfloat'
C:\Users\van46\Documents\Computer-Graphic\BaiTHso6_2_Projection_View_Model\BaiTHso6_2_Projection_View_Model\GLSLExperiment\example1.cpp(611,24): warning C4305: 'argument': truncation from 'double' to 'const GLfloat'
C:\Users\van46\Documents\Computer-Graphic\BaiTHso6_2_Projection_View_Model\BaiTHso6_2_Projection_View_Model\GLSLExperiment\example1.cpp(611,66): warning C4305: 'argument': truncation from 'double' to 'const GLfloat'
C:\Users\van46\Documents\Computer-Graphic\BaiTHso6_2_Projection_View_Model\BaiTHso6_2_Projection_View_Model\GLSLExperiment\example1.cpp(611,60): warning C4305: 'argument': truncation from 'double' to 'const GLfloat'
C:\Users\van46\Documents\Computer-Graphic\BaiTHso6_2_Projection_View_Model\BaiTHso6_2_Projection_View_Model\GLSLExperiment\example1.cpp(611,52): warning C4305: 'argument': truncation from 'double' to 'const GLfloat'
C:\Users\van46\Documents\Computer-Graphic\BaiTHso6_2_Projection_View_Model\BaiTHso6_2_Projection_View_Model\GLSLExperiment\example1.cpp(612,35): warning C4305: 'argument': truncation from 'double' to 'const GLfloat'
C:\Users\van46\Documents\Computer-Graphic\BaiTHso6_2_Projection_View_Model\BaiTHso6_2_Projection_View_Model\GLSLExperiment\example1.cpp(612,30): warning C4305: 'argument': truncation from 'double' to 'const GLfloat'
C:\Users\van46\Documents\Computer-Graphic\BaiTHso6_2_Projection_View_Model\BaiTHso6_2_Projection_View_Model\GLSLExperiment\example1.cpp(612,24): warning C4305: 'argument': truncation from 'double' to 'const GLfloat'
C:\Users\van46\Documents\Computer-Graphic\BaiTHso6_2_Projection_View_Model\BaiTHso6_2_Projection_View_Model\GLSLExperiment\example1.cpp(612,65): warning C4305: 'argument': truncation from 'double' to 'const GLfloat'
C:\Users\van46\Documents\Computer-Graphic\BaiTHso6_2_Projection_View_Model\BaiTHso6_2_Projection_View_Model\GLSLExperiment\example1.cpp(612,59): warning C4305: 'argument': truncation from 'double' to 'const GLfloat'
C:\Users\van46\Documents\Computer-Graphic\BaiTHso6_2_Projection_View_Model\BaiTHso6_2_Projection_View_Model\GLSLExperiment\example1.cpp(612,52): warning C4305: 'argument': truncation from 'double' to 'const GLfloat'
C:\Users\van46\Documents\Computer-Graphic\BaiTHso6_2_Projection_View_Model\BaiTHso6_2_Projection_View_Model\GLSLExperiment\example1.cpp(618,34): warning C4305: 'argument': truncation from 'double' to 'const GLfloat'
C:\Users\van46\Documents\Computer-Graphic\BaiTHso6_2_Projection_View_Model\BaiTHso6_2_Projection_View_Model\GLSLExperiment\example1.cpp(618,29): warning C4305: 'argument': truncation from 'double' to 'const GLfloat'
C:\Users\van46\Documents\Computer-Graphic\BaiTHso6_2_Projection_View_Model\BaiTHso6_2_Projection_View_Model\GLSLExperiment\example1.cpp(618,24): warning C4305: 'argument': truncation from 'double' to 'const GLfloat'
C:\Users\van46\Documents\Computer-Graphic\BaiTHso6_2_Projection_View_Model\BaiTHso6_2_Projection_View_Model\GLSLExperiment\example1.cpp(625,35): warning C4305: 'argument': truncation from 'double' to 'const GLfloat'
C:\Users\van46\Documents\Computer-Graphic\BaiTHso6_2_Projection_View_Model\BaiTHso6_2_Projection_View_Model\GLSLExperiment\example1.cpp(625,29): warning C4305: 'argument': truncation from 'double' to 'const GLfloat'
C:\Users\van46\Documents\Computer-Graphic\BaiTHso6_2_Projection_View_Model\BaiTHso6_2_Projection_View_Model\GLSLExperiment\example1.cpp(625,24): warning C4305: 'argument': truncation from 'double' to 'const GLfloat'
C:\Users\van46\Documents\Computer-Graphic\BaiTHso6_2_Projection_View_Model\BaiTHso6_2_Projection_View_Model\GLSLExperiment\example1.cpp(632,35): warning C4305: 'argument': truncation from 'double' to 'const GLfloat'
C:\Users\van46\Documents\Computer-Graphic\BaiTHso6_2_Projection_View_Model\BaiTHso6_2_Projection_View_Model\GLSLExperiment\example1.cpp(632,29): warning C4305: 'argument': truncation from 'double' to 'const GLfloat'
C:\Users\van46\Documents\Computer-Graphic\BaiTHso6_2_Projection_View_Model\BaiTHso6_2_Projection_View_Model\GLSLExperiment\example1.cpp(632,55): warning C4305: 'argument': truncation from 'double' to 'const GLfloat'
C:\Users\van46\Documents\Computer-Graphic\BaiTHso6_2_Projection_View_Model\BaiTHso6_2_Projection_View_Model\GLSLExperiment\example1.cpp(633,35): warning C4305: 'argument': truncation from 'double' to 'const GLfloat'
C:\Users\van46\Documents\Computer-Graphic\BaiTHso6_2_Projection_View_Model\BaiTHso6_2_Projection_View_Model\GLSLExperiment\example1.cpp(633,29): warning C4305: 'argument': truncation from 'double' to 'const GLfloat'
C:\Users\van46\Documents\Computer-Graphic\BaiTHso6_2_Projection_View_Model\BaiTHso6_2_Projection_View_Model\GLSLExperiment\example1.cpp(633,55): warning C4305: 'argument': truncation from 'double' to 'const GLfloat'
C:\Users\van46\Documents\Computer-Graphic\BaiTHso6_2_Projection_View_Model\BaiTHso6_2_Projection_View_Model\GLSLExperiment\example1.cpp(634,35): warning C4305: 'argument': truncation from 'double' to 'const GLfloat'
C:\Users\van46\Documents\Computer-Graphic\BaiTHso6_2_Projection_View_Model\BaiTHso6_2_Projection_View_Model\GLSLExperiment\example1.cpp(634,30): warning C4305: 'argument': truncation from 'double' to 'const GLfloat'
C:\Users\van46\Documents\Computer-Graphic\BaiTHso6_2_Projection_View_Model\BaiTHso6_2_Projection_View_Model\GLSLExperiment\example1.cpp(634,24): warning C4305: 'argument': truncation from 'double' to 'const GLfloat'
C:\Users\van46\Documents\Computer-Graphic\BaiTHso6_2_Projection_View_Model\BaiTHso6_2_Projection_View_Model\GLSLExperiment\example1.cpp(634,52): warning C4305: 'argument': truncation from 'double' to 'const GLfloat'
C:\Users\van46\Documents\Computer-Graphic\BaiTHso6_2_Projection_View_Model\BaiTHso6_2_Projection_View_Model\GLSLExperiment\example1.cpp(635,35): warning C4305: 'argument': truncation from 'double' to 'const GLfloat'
C:\Users\van46\Documents\Computer-Graphic\BaiTHso6_2_Projection_View_Model\BaiTHso6_2_Projection_View_Model\GLSLExperiment\example1.cpp(635,30): warning C4305: 'argument': truncation from 'double' to 'const GLfloat'
C:\Users\van46\Documents\Computer-Graphic\BaiTHso6_2_Projection_View_Model\BaiTHso6_2_Projection_View_Model\GLSLExperiment\example1.cpp(635,24): warning C4305: 'argument': truncation from 'double' to 'const GLfloat'
C:\Users\van46\Documents\Computer-Graphic\BaiTHso6_2_Projection_View_Model\BaiTHso6_2_Projection_View_Model\GLSLExperiment\example1.cpp(635,52): warning C4305: 'argument': truncation from 'double' to 'const GLfloat'
C:\Users\van46\Documents\Computer-Graphic\BaiTHso6_2_Projection_View_Model\BaiTHso6_2_Projection_View_Model\GLSLExperiment\example1.cpp(641,35): warning C4305: 'argument': truncation from 'double' to 'const GLfloat'
C:\Users\van46\Documents\Computer-Graphic\BaiTHso6_2_Projection_View_Model\BaiTHso6_2_Projection_View_Model\GLSLExperiment\example1.cpp(641,30): warning C4305: 'argument': truncation from 'double' to 'const GLfloat'
C:\Users\van46\Documents\Computer-Graphic\BaiTHso6_2_Projection_View_Model\BaiTHso6_2_Projection_View_Model\GLSLExperiment\example1.cpp(641,24): warning C4305: 'argument': truncation from 'double' to 'const GLfloat'
C:\Users\van46\Documents\Computer-Graphic\BaiTHso6_2_Projection_View_Model\BaiTHso6_2_Projection_View_Model\GLSLExperiment\example1.cpp(655,35): warning C4305: 'argument': truncation from 'double' to 'const GLfloat'
C:\Users\van46\Documents\Computer-Graphic\BaiTHso6_2_Projection_View_Model\BaiTHso6_2_Projection_View_Model\GLSLExperiment\example1.cpp(655,29): warning C4305: 'argument': truncation from 'double' to 'const GLfloat'
C:\Users\van46\Documents\Computer-Graphic\BaiTHso6_2_Projection_View_Model\BaiTHso6_2_Projection_View_Model\GLSLExperiment\example1.cpp(667,27): warning C4305: '=': truncation from 'double' to 'GLfloat'
C:\Users\van46\Documents\Computer-Graphic\BaiTHso6_2_Projection_View_Model\BaiTHso6_2_Projection_View_Model\GLSLExperiment\example1.cpp(670,27): warning C4305: '=': truncation from 'double' to 'GLfloat'
C:\Users\van46\Documents\Computer-Graphic\BaiTHso6_2_Projection_View_Model\BaiTHso6_2_Projection_View_Model\GLSLExperiment\example1.cpp(674,37): warning C4244: '+=': conversion from 'double' to 'GLfloat', possible loss of data
C:\Users\van46\Documents\Computer-Graphic\BaiTHso6_2_Projection_View_Model\BaiTHso6_2_Projection_View_Model\GLSLExperiment\example1.cpp(681,22): warning C4305: '-=': truncation from 'double' to 'GLfloat'
C:\Users\van46\Documents\Computer-Graphic\BaiTHso6_2_Projection_View_Model\BaiTHso6_2_Projection_View_Model\GLSLExperiment\example1.cpp(684,22): warning C4305: '+=': truncation from 'double' to 'GLfloat'
C:\Users\van46\Documents\Computer-Graphic\BaiTHso6_2_Projection_View_Model\BaiTHso6_2_Projection_View_Model\GLSLExperiment\example1.cpp(721,16): warning C4305: 'argument': truncation from 'double' to 'GLfloat'
C:\Users\van46\Documents\Computer-Graphic\BaiTHso6_2_Projection_View_Model\BaiTHso6_2_Projection_View_Model\GLSLExperiment\example1.cpp(721,9): warning C4305: 'argument': truncation from 'double' to 'GLfloat'
C:\Users\van46\Documents\Computer-Graphic\BaiTHso6_2_Projection_View_Model\BaiTHso6_2_Projection_View_Model\GLSLExperiment\example1.cpp(725,17): warning C4305: 'argument': truncation from 'double' to 'GLfloat'
C:\Users\van46\Documents\Computer-Graphic\BaiTHso6_2_Projection_View_Model\BaiTHso6_2_Projection_View_Model\GLSLExperiment\example1.cpp(731,17): warning C4305: 'argument': truncation from 'double' to 'GLfloat'
C:\Users\van46\Documents\Computer-Graphic\BaiTHso6_2_Projection_View_Model\BaiTHso6_2_Projection_View_Model\GLSLExperiment\example1.cpp(731,12): warning C4305: 'argument': truncation from 'double' to 'GLfloat'
C:\Users\van46\Documents\Computer-Graphic\BaiTHso6_2_Projection_View_Model\BaiTHso6_2_Projection_View_Model\GLSLExperiment\example1.cpp(736,35): warning C4244: 'argument': conversion from 'double' to 'GLfloat', possible loss of data
C:\Users\van46\Documents\Computer-Graphic\BaiTHso6_2_Projection_View_Model\BaiTHso6_2_Projection_View_Model\GLSLExperiment\example1.cpp(742,12): warning C4305: 'argument': truncation from 'double' to 'GLfloat'
C:\Users\van46\Documents\Computer-Graphic\BaiTHso6_2_Projection_View_Model\BaiTHso6_2_Projection_View_Model\GLSLExperiment\example1.cpp(742,7): warning C4305: 'argument': truncation from 'double' to 'GLfloat'
C:\Users\van46\Documents\Computer-Graphic\BaiTHso6_2_Projection_View_Model\BaiTHso6_2_Projection_View_Model\GLSLExperiment\example1.cpp(750,22): warning C4305: 'argument': truncation from 'double' to 'GLfloat'
C:\Users\van46\Documents\Computer-Graphic\BaiTHso6_2_Projection_View_Model\BaiTHso6_2_Projection_View_Model\GLSLExperiment\example1.cpp(750,14): warning C4305: 'argument': truncation from 'double' to 'GLfloat'
C:\Users\van46\Documents\Computer-Graphic\BaiTHso6_2_Projection_View_Model\BaiTHso6_2_Projection_View_Model\GLSLExperiment\example1.cpp(750,8): warning C4305: 'argument': truncation from 'double' to 'GLfloat'
C:\Users\van46\Documents\Computer-Graphic\BaiTHso6_2_Projection_View_Model\BaiTHso6_2_Projection_View_Model\GLSLExperiment\example1.cpp(753,20): warning C4305: 'argument': truncation from 'double' to 'GLfloat'
C:\Users\van46\Documents\Computer-Graphic\BaiTHso6_2_Projection_View_Model\BaiTHso6_2_Projection_View_Model\GLSLExperiment\example1.cpp(753,13): warning C4305: 'argument': truncation from 'double' to 'GLfloat'
C:\Users\van46\Documents\Computer-Graphic\BaiTHso6_2_Projection_View_Model\BaiTHso6_2_Projection_View_Model\GLSLExperiment\example1.cpp(753,8): warning C4305: 'argument': truncation from 'double' to 'GLfloat'
C:\Users\van46\Documents\Computer-Graphic\BaiTHso6_2_Projection_View_Model\BaiTHso6_2_Projection_View_Model\GLSLExperiment\example1.cpp(758,11): warning C4305: '=': truncation from 'double' to 'GLfloat'
C:\Users\van46\Documents\Computer-Graphic\BaiTHso6_2_Projection_View_Model\BaiTHso6_2_Projection_View_Model\GLSLExperiment\example1.cpp(759,27): warning C4244: 'argument': conversion from 'double' to 'GLfloat', possible loss of data
C:\Users\van46\Documents\Computer-Graphic\BaiTHso6_2_Projection_View_Model\BaiTHso6_2_Projection_View_Model\GLSLExperiment\example1.cpp(767,20): warning C4305: 'argument': truncation from 'double' to 'GLfloat'
C:\Users\van46\Documents\Computer-Graphic\BaiTHso6_2_Projection_View_Model\BaiTHso6_2_Projection_View_Model\GLSLExperiment\example1.cpp(767,15): warning C4305: 'argument': truncation from 'double' to 'GLfloat'
C:\Users\van46\Documents\Computer-Graphic\BaiTHso6_2_Projection_View_Model\BaiTHso6_2_Projection_View_Model\GLSLExperiment\example1.cpp(767,10): warning C4305: 'argument': truncation from 'double' to 'GLfloat'
C:\Users\van46\Documents\Computer-Graphic\BaiTHso6_2_Projection_View_Model\BaiTHso6_2_Projection_View_Model\GLSLExperiment\example1.cpp(772,12): warning C4305: '=': truncation from 'double' to 'GLfloat'
C:\Users\van46\Documents\Computer-Graphic\BaiTHso6_2_Projection_View_Model\BaiTHso6_2_Projection_View_Model\GLSLExperiment\example1.cpp(773,33): warning C4244: 'argument': conversion from 'double' to 'GLfloat', possible loss of data
C:\Users\van46\Documents\Computer-Graphic\BaiTHso6_2_Projection_View_Model\BaiTHso6_2_Projection_View_Model\GLSLExperiment\example1.cpp(779,22): warning C4305: 'argument': truncation from 'double' to 'GLfloat'
C:\Users\van46\Documents\Computer-Graphic\BaiTHso6_2_Projection_View_Model\BaiTHso6_2_Projection_View_Model\GLSLExperiment\example1.cpp(779,15): warning C4305: 'argument': truncation from 'double' to 'GLfloat'
C:\Users\van46\Documents\Computer-Graphic\BaiTHso6_2_Projection_View_Model\BaiTHso6_2_Projection_View_Model\GLSLExperiment\example1.cpp(779,10): warning C4305: 'argument': truncation from 'double' to 'GLfloat'
C:\Users\van46\Documents\Computer-Graphic\BaiTHso6_2_Projection_View_Model\BaiTHso6_2_Projection_View_Model\GLSLExperiment\example1.cpp(783,12): warning C4305: '=': truncation from 'double' to 'GLfloat'
C:\Users\van46\Documents\Computer-Graphic\BaiTHso6_2_Projection_View_Model\BaiTHso6_2_Projection_View_Model\GLSLExperiment\example1.cpp(784,33): warning C4244: 'argument': conversion from 'double' to 'GLfloat', possible loss of data
C:\Users\van46\Documents\Computer-Graphic\BaiTHso6_2_Projection_View_Model\BaiTHso6_2_Projection_View_Model\GLSLExperiment\example1.cpp(791,19): warning C4305: 'argument': truncation from 'double' to 'GLfloat'
C:\Users\van46\Documents\Computer-Graphic\BaiTHso6_2_Projection_View_Model\BaiTHso6_2_Projection_View_Model\GLSLExperiment\example1.cpp(791,13): warning C4305: 'argument': truncation from 'double' to 'GLfloat'
C:\Users\van46\Documents\Computer-Graphic\BaiTHso6_2_Projection_View_Model\BaiTHso6_2_Projection_View_Model\GLSLExperiment\example1.cpp(795,12): warning C4305: '=': truncation from 'double' to 'GLfloat'
C:\Users\van46\Documents\Computer-Graphic\BaiTHso6_2_Projection_View_Model\BaiTHso6_2_Projection_View_Model\GLSLExperiment\example1.cpp(796,36): warning C4244: 'argument': conversion from 'double' to 'GLfloat', possible loss of data
C:\Users\van46\Documents\Computer-Graphic\BaiTHso6_2_Projection_View_Model\BaiTHso6_2_Projection_View_Model\GLSLExperiment\example1.cpp(801,19): warning C4305: 'argument': truncation from 'double' to 'GLfloat'
C:\Users\van46\Documents\Computer-Graphic\BaiTHso6_2_Projection_View_Model\BaiTHso6_2_Projection_View_Model\GLSLExperiment\example1.cpp(801,8): warning C4305: 'argument': truncation from 'double' to 'GLfloat'
C:\Users\van46\Documents\Computer-Graphic\BaiTHso6_2_Projection_View_Model\BaiTHso6_2_Projection_View_Model\GLSLExperiment\example1.cpp(805,17): warning C4305: 'argument': truncation from 'double' to 'GLfloat'
C:\Users\van46\Documents\Computer-Graphic\BaiTHso6_2_Projection_View_Model\BaiTHso6_2_Projection_View_Model\GLSLExperiment\example1.cpp(805,6): warning C4305: 'argument': truncation from 'double' to 'GLfloat'
C:\Users\van46\Documents\Computer-Graphic\BaiTHso6_2_Projection_View_Model\BaiTHso6_2_Projection_View_Model\GLSLExperiment\example1.cpp(834,50): warning C4305: 'argument': truncation from 'double' to 'GLfloat'
C:\Users\van46\Documents\Computer-Graphic\BaiTHso6_2_Projection_View_Model\BaiTHso6_2_Projection_View_Model\GLSLExperiment\example1.cpp(837,50): warning C4305: 'argument': truncation from 'double' to 'GLfloat'
C:\Users\van46\Documents\Computer-Graphic\BaiTHso6_2_Projection_View_Model\BaiTHso6_2_Projection_View_Model\GLSLExperiment\example1.cpp(840,40): warning C4305: 'argument': truncation from 'double' to 'GLfloat'
C:\Users\van46\Documents\Computer-Graphic\BaiTHso6_2_Projection_View_Model\BaiTHso6_2_Projection_View_Model\GLSLExperiment\example1.cpp(843,40): warning C4305: 'argument': truncation from 'double' to 'GLfloat'
C:\Users\van46\Documents\Computer-Graphic\BaiTHso6_2_Projection_View_Model\BaiTHso6_2_Projection_View_Model\GLSLExperiment\example1.cpp(889,28): warning C4305: '=': truncation from 'double' to 'GLfloat'
C:\Users\van46\Documents\Computer-Graphic\BaiTHso6_2_Projection_View_Model\BaiTHso6_2_Projection_View_Model\GLSLExperiment\example1.cpp(917,21): warning C4305: '-=': truncation from 'double' to 'GLfloat'
C:\Users\van46\Documents\Computer-Graphic\BaiTHso6_2_Projection_View_Model\BaiTHso6_2_Projection_View_Model\GLSLExperiment\example1.cpp(924,21): warning C4305: '+=': truncation from 'double' to 'GLfloat'
  Generating Code...
example1.obj : warning LNK4075: ignoring '/EDITANDCONTINUE' due to '/SAFESEH' specification
  GLSLExperiment.vcxproj -> C:\Users\van46\Documents\Computer-Graphic\BaiTHso6_2_Projection_View_Model\BaiTHso6_2_Projection_View_Model\Debug\GLSLExperiment.exe
