e:\yen\giaotrinh\dhmtcdio\thuchanh_yen\baithso4_2_project_rotationcube\glslexperiment\debug\vc140.pdb
e:\yen\giaotrinh\dhmtcdio\thuchanh_yen\baithso4_2_project_rotationcube\glslexperiment\debug\vc140.idb
e:\yen\giaotrinh\dhmtcdio\thuchanh_yen\baithso4_2_project_rotationcube\glslexperiment\debug\example1.obj
e:\yen\giaotrinh\dhmtcdio\thuchanh_yen\baithso4_2_project_rotationcube\glslexperiment\debug\initshader.obj
e:\yen\giaotrinh\dhmtcdio\thuchanh_yen\baithso4_1_project_rotationcube\glslexperiment\debug\vc140.pdb
e:\yen\giaotrinh\dhmtcdio\thuchanh_yen\baithso4_1_project_rotationcube\glslexperiment\debug\vc140.idb
e:\yen\giaotrinh\dhmtcdio\thuchanh_yen\baithso4_1_project_rotationcube\glslexperiment\debug\example1.obj
e:\yen\giaotrinh\dhmtcdio\thuchanh_yen\baithso4_1_project_rotationcube\glslexperiment\debug\initshader.obj
e:\yen\giaotrinh\dhmtcdio\thuchanh_yen\baithso4_2_project_rotationcube\debug\glslexperiment.ilk
e:\yen\giaotrinh\dhmtcdio\thuchanh_yen\baithso4_2_project_rotationcube\debug\glslexperiment.exe
e:\yen\giaotrinh\dhmtcdio\thuchanh_yen\baithso4_2_project_rotationcube\debug\glslexperiment.pdb
e:\yen\giaotrinh\dhmtcdio\thuchanh_yen\baithso4_1_project_rotationcube\debug\glslexperiment.ilk
e:\yen\giaotrinh\dhmtcdio\thuchanh_yen\baithso4_1_project_rotationcube\debug\glslexperiment.exe
e:\yen\giaotrinh\dhmtcdio\thuchanh_yen\baithso4_1_project_rotationcube\debug\glslexperiment.pdb
e:\yen\giaotrinh\dhmtcdio\thuchanh_yen\baithso4_1_project_rotationcube\glslexperiment\debug\glslexperiment.tlog\cl.command.1.tlog
e:\yen\giaotrinh\dhmtcdio\thuchanh_yen\baithso4_1_project_rotationcube\glslexperiment\debug\glslexperiment.tlog\cl.read.1.tlog
e:\yen\giaotrinh\dhmtcdio\thuchanh_yen\baithso4_1_project_rotationcube\glslexperiment\debug\glslexperiment.tlog\cl.write.1.tlog
e:\yen\giaotrinh\dhmtcdio\thuchanh_yen\baithso4_1_project_rotationcube\glslexperiment\debug\glslexperiment.tlog\link.command.1.tlog
e:\yen\giaotrinh\dhmtcdio\thuchanh_yen\baithso4_1_project_rotationcube\glslexperiment\debug\glslexperiment.tlog\link.read.1.tlog
e:\yen\giaotrinh\dhmtcdio\thuchanh_yen\baithso4_1_project_rotationcube\glslexperiment\debug\glslexperiment.tlog\link.write.1.tlog
