C:\Program Files\Microsoft Visual Studio\2022\Community\MSBuild\Microsoft\VC\v170\Microsoft.CppBuild.targets(531,5): warning MSB8028: The intermediate directory (Debug\) contains files shared from another project (GLSLExperiment_RobotArm.vcxproj, GLSLExperiment.vcxproj).  This can lead to incorrect clean and rebuild behavior.
cl : command line  warning D9035: option 'Gm' has been deprecated and will be removed in a future release
  CLock.cpp
E:\CNDPT01-K17\Kỳ 4 {CNDPT}\DHMT\DHMT\BaiTHso5_1_project_RobotArmWithoutStack\GLSLExperiment\mat.h(581,5): warning C4566: character represented by universal-character-name '\u1EF3' cannot be represented in the current code page (1252)
  (compiling source file 'CLock.cpp')
  
E:\CNDPT01-K17\Kỳ 4 {CNDPT}\DHMT\DHMT\BaiTHso5_1_project_RobotArmWithoutStack\GLSLExperiment\mat.h(770,5): warning C4566: character represented by universal-character-name '\u1EF3' cannot be represented in the current code page (1252)
  (compiling source file 'CLock.cpp')
  
E:\CNDPT01-K17\Kỳ 4 {CNDPT}\DHMT\DHMT\BaiTHso5_1_project_RobotArmWithoutStack\GLSLExperiment\mat.h(777,5): warning C4566: character represented by universal-character-name '\u1EF3' cannot be represented in the current code page (1252)
  (compiling source file 'CLock.cpp')
  
E:\CNDPT01-K17\Kỳ 4 {CNDPT}\DHMT\DHMT\BaiTHso5_1_project_RobotArmWithoutStack\GLSLExperiment\mat.h(784,5): warning C4566: character represented by universal-character-name '\u1EF3' cannot be represented in the current code page (1252)
  (compiling source file 'CLock.cpp')
  
E:\CNDPT01-K17\Kỳ 4 {CNDPT}\DHMT\DHMT\BaiTHso5_1_project_RobotArmWithoutStack\GLSLExperiment\CLock.cpp(129,36): warning C4305: 'argument': truncation from 'double' to 'const GLfloat'
E:\CNDPT01-K17\Kỳ 4 {CNDPT}\DHMT\DHMT\BaiTHso5_1_project_RobotArmWithoutStack\GLSLExperiment\CLock.cpp(129,30): warning C4305: 'argument': truncation from 'double' to 'const GLfloat'
E:\CNDPT01-K17\Kỳ 4 {CNDPT}\DHMT\DHMT\BaiTHso5_1_project_RobotArmWithoutStack\GLSLExperiment\CLock.cpp(129,24): warning C4305: 'argument': truncation from 'double' to 'const GLfloat'
E:\CNDPT01-K17\Kỳ 4 {CNDPT}\DHMT\DHMT\BaiTHso5_1_project_RobotArmWithoutStack\GLSLExperiment\CLock.cpp(129,68): warning C4305: 'argument': truncation from 'double' to 'const GLfloat'
E:\CNDPT01-K17\Kỳ 4 {CNDPT}\DHMT\DHMT\BaiTHso5_1_project_RobotArmWithoutStack\GLSLExperiment\CLock.cpp(129,54): warning C4305: 'argument': truncation from 'double' to 'const GLfloat'
E:\CNDPT01-K17\Kỳ 4 {CNDPT}\DHMT\DHMT\BaiTHso5_1_project_RobotArmWithoutStack\GLSLExperiment\CLock.cpp(130,36): warning C4305: 'argument': truncation from 'double' to 'const GLfloat'
E:\CNDPT01-K17\Kỳ 4 {CNDPT}\DHMT\DHMT\BaiTHso5_1_project_RobotArmWithoutStack\GLSLExperiment\CLock.cpp(130,30): warning C4305: 'argument': truncation from 'double' to 'const GLfloat'
E:\CNDPT01-K17\Kỳ 4 {CNDPT}\DHMT\DHMT\BaiTHso5_1_project_RobotArmWithoutStack\GLSLExperiment\CLock.cpp(130,24): warning C4305: 'argument': truncation from 'double' to 'const GLfloat'
E:\CNDPT01-K17\Kỳ 4 {CNDPT}\DHMT\DHMT\BaiTHso5_1_project_RobotArmWithoutStack\GLSLExperiment\CLock.cpp(130,68): warning C4305: 'argument': truncation from 'double' to 'const GLfloat'
E:\CNDPT01-K17\Kỳ 4 {CNDPT}\DHMT\DHMT\BaiTHso5_1_project_RobotArmWithoutStack\GLSLExperiment\CLock.cpp(130,54): warning C4305: 'argument': truncation from 'double' to 'const GLfloat'
E:\CNDPT01-K17\Kỳ 4 {CNDPT}\DHMT\DHMT\BaiTHso5_1_project_RobotArmWithoutStack\GLSLExperiment\CLock.cpp(131,36): warning C4305: 'argument': truncation from 'double' to 'const GLfloat'
E:\CNDPT01-K17\Kỳ 4 {CNDPT}\DHMT\DHMT\BaiTHso5_1_project_RobotArmWithoutStack\GLSLExperiment\CLock.cpp(131,30): warning C4305: 'argument': truncation from 'double' to 'const GLfloat'
E:\CNDPT01-K17\Kỳ 4 {CNDPT}\DHMT\DHMT\BaiTHso5_1_project_RobotArmWithoutStack\GLSLExperiment\CLock.cpp(131,24): warning C4305: 'argument': truncation from 'double' to 'const GLfloat'
E:\CNDPT01-K17\Kỳ 4 {CNDPT}\DHMT\DHMT\BaiTHso5_1_project_RobotArmWithoutStack\GLSLExperiment\CLock.cpp(131,68): warning C4305: 'argument': truncation from 'double' to 'const GLfloat'
E:\CNDPT01-K17\Kỳ 4 {CNDPT}\DHMT\DHMT\BaiTHso5_1_project_RobotArmWithoutStack\GLSLExperiment\CLock.cpp(131,54): warning C4305: 'argument': truncation from 'double' to 'const GLfloat'
E:\CNDPT01-K17\Kỳ 4 {CNDPT}\DHMT\DHMT\BaiTHso5_1_project_RobotArmWithoutStack\GLSLExperiment\CLock.cpp(134,36): warning C4305: 'argument': truncation from 'double' to 'const GLfloat'
E:\CNDPT01-K17\Kỳ 4 {CNDPT}\DHMT\DHMT\BaiTHso5_1_project_RobotArmWithoutStack\GLSLExperiment\CLock.cpp(134,30): warning C4305: 'argument': truncation from 'double' to 'const GLfloat'
E:\CNDPT01-K17\Kỳ 4 {CNDPT}\DHMT\DHMT\BaiTHso5_1_project_RobotArmWithoutStack\GLSLExperiment\CLock.cpp(134,24): warning C4305: 'argument': truncation from 'double' to 'const GLfloat'
E:\CNDPT01-K17\Kỳ 4 {CNDPT}\DHMT\DHMT\BaiTHso5_1_project_RobotArmWithoutStack\GLSLExperiment\CLock.cpp(134,66): warning C4305: 'argument': truncation from 'double' to 'const GLfloat'
E:\CNDPT01-K17\Kỳ 4 {CNDPT}\DHMT\DHMT\BaiTHso5_1_project_RobotArmWithoutStack\GLSLExperiment\CLock.cpp(134,60): warning C4305: 'argument': truncation from 'double' to 'const GLfloat'
E:\CNDPT01-K17\Kỳ 4 {CNDPT}\DHMT\DHMT\BaiTHso5_1_project_RobotArmWithoutStack\GLSLExperiment\CLock.cpp(134,54): warning C4305: 'argument': truncation from 'double' to 'const GLfloat'
E:\CNDPT01-K17\Kỳ 4 {CNDPT}\DHMT\DHMT\BaiTHso5_1_project_RobotArmWithoutStack\GLSLExperiment\CLock.cpp(135,36): warning C4305: 'argument': truncation from 'double' to 'const GLfloat'
E:\CNDPT01-K17\Kỳ 4 {CNDPT}\DHMT\DHMT\BaiTHso5_1_project_RobotArmWithoutStack\GLSLExperiment\CLock.cpp(135,30): warning C4305: 'argument': truncation from 'double' to 'const GLfloat'
E:\CNDPT01-K17\Kỳ 4 {CNDPT}\DHMT\DHMT\BaiTHso5_1_project_RobotArmWithoutStack\GLSLExperiment\CLock.cpp(135,24): warning C4305: 'argument': truncation from 'double' to 'const GLfloat'
E:\CNDPT01-K17\Kỳ 4 {CNDPT}\DHMT\DHMT\BaiTHso5_1_project_RobotArmWithoutStack\GLSLExperiment\CLock.cpp(135,66): warning C4305: 'argument': truncation from 'double' to 'const GLfloat'
E:\CNDPT01-K17\Kỳ 4 {CNDPT}\DHMT\DHMT\BaiTHso5_1_project_RobotArmWithoutStack\GLSLExperiment\CLock.cpp(135,60): warning C4305: 'argument': truncation from 'double' to 'const GLfloat'
E:\CNDPT01-K17\Kỳ 4 {CNDPT}\DHMT\DHMT\BaiTHso5_1_project_RobotArmWithoutStack\GLSLExperiment\CLock.cpp(135,54): warning C4305: 'argument': truncation from 'double' to 'const GLfloat'
E:\CNDPT01-K17\Kỳ 4 {CNDPT}\DHMT\DHMT\BaiTHso5_1_project_RobotArmWithoutStack\GLSLExperiment\CLock.cpp(136,36): warning C4305: 'argument': truncation from 'double' to 'const GLfloat'
E:\CNDPT01-K17\Kỳ 4 {CNDPT}\DHMT\DHMT\BaiTHso5_1_project_RobotArmWithoutStack\GLSLExperiment\CLock.cpp(136,30): warning C4305: 'argument': truncation from 'double' to 'const GLfloat'
E:\CNDPT01-K17\Kỳ 4 {CNDPT}\DHMT\DHMT\BaiTHso5_1_project_RobotArmWithoutStack\GLSLExperiment\CLock.cpp(136,24): warning C4305: 'argument': truncation from 'double' to 'const GLfloat'
E:\CNDPT01-K17\Kỳ 4 {CNDPT}\DHMT\DHMT\BaiTHso5_1_project_RobotArmWithoutStack\GLSLExperiment\CLock.cpp(136,66): warning C4305: 'argument': truncation from 'double' to 'const GLfloat'
E:\CNDPT01-K17\Kỳ 4 {CNDPT}\DHMT\DHMT\BaiTHso5_1_project_RobotArmWithoutStack\GLSLExperiment\CLock.cpp(136,60): warning C4305: 'argument': truncation from 'double' to 'const GLfloat'
E:\CNDPT01-K17\Kỳ 4 {CNDPT}\DHMT\DHMT\BaiTHso5_1_project_RobotArmWithoutStack\GLSLExperiment\CLock.cpp(136,54): warning C4305: 'argument': truncation from 'double' to 'const GLfloat'
E:\CNDPT01-K17\Kỳ 4 {CNDPT}\DHMT\DHMT\BaiTHso5_1_project_RobotArmWithoutStack\GLSLExperiment\CLock.cpp(137,36): warning C4305: 'argument': truncation from 'double' to 'const GLfloat'
E:\CNDPT01-K17\Kỳ 4 {CNDPT}\DHMT\DHMT\BaiTHso5_1_project_RobotArmWithoutStack\GLSLExperiment\CLock.cpp(137,30): warning C4305: 'argument': truncation from 'double' to 'const GLfloat'
E:\CNDPT01-K17\Kỳ 4 {CNDPT}\DHMT\DHMT\BaiTHso5_1_project_RobotArmWithoutStack\GLSLExperiment\CLock.cpp(137,24): warning C4305: 'argument': truncation from 'double' to 'const GLfloat'
E:\CNDPT01-K17\Kỳ 4 {CNDPT}\DHMT\DHMT\BaiTHso5_1_project_RobotArmWithoutStack\GLSLExperiment\CLock.cpp(137,66): warning C4305: 'argument': truncation from 'double' to 'const GLfloat'
E:\CNDPT01-K17\Kỳ 4 {CNDPT}\DHMT\DHMT\BaiTHso5_1_project_RobotArmWithoutStack\GLSLExperiment\CLock.cpp(137,60): warning C4305: 'argument': truncation from 'double' to 'const GLfloat'
E:\CNDPT01-K17\Kỳ 4 {CNDPT}\DHMT\DHMT\BaiTHso5_1_project_RobotArmWithoutStack\GLSLExperiment\CLock.cpp(137,54): warning C4305: 'argument': truncation from 'double' to 'const GLfloat'
E:\CNDPT01-K17\Kỳ 4 {CNDPT}\DHMT\DHMT\BaiTHso5_1_project_RobotArmWithoutStack\GLSLExperiment\CLock.cpp(140,36): warning C4305: 'argument': truncation from 'double' to 'const GLfloat'
E:\CNDPT01-K17\Kỳ 4 {CNDPT}\DHMT\DHMT\BaiTHso5_1_project_RobotArmWithoutStack\GLSLExperiment\CLock.cpp(140,30): warning C4305: 'argument': truncation from 'double' to 'const GLfloat'
E:\CNDPT01-K17\Kỳ 4 {CNDPT}\DHMT\DHMT\BaiTHso5_1_project_RobotArmWithoutStack\GLSLExperiment\CLock.cpp(140,24): warning C4305: 'argument': truncation from 'double' to 'const GLfloat'
E:\CNDPT01-K17\Kỳ 4 {CNDPT}\DHMT\DHMT\BaiTHso5_1_project_RobotArmWithoutStack\GLSLExperiment\CLock.cpp(140,67): warning C4305: 'argument': truncation from 'double' to 'const GLfloat'
E:\CNDPT01-K17\Kỳ 4 {CNDPT}\DHMT\DHMT\BaiTHso5_1_project_RobotArmWithoutStack\GLSLExperiment\CLock.cpp(140,61): warning C4305: 'argument': truncation from 'double' to 'const GLfloat'
E:\CNDPT01-K17\Kỳ 4 {CNDPT}\DHMT\DHMT\BaiTHso5_1_project_RobotArmWithoutStack\GLSLExperiment\CLock.cpp(140,54): warning C4305: 'argument': truncation from 'double' to 'const GLfloat'
E:\CNDPT01-K17\Kỳ 4 {CNDPT}\DHMT\DHMT\BaiTHso5_1_project_RobotArmWithoutStack\GLSLExperiment\CLock.cpp(141,36): warning C4305: 'argument': truncation from 'double' to 'const GLfloat'
E:\CNDPT01-K17\Kỳ 4 {CNDPT}\DHMT\DHMT\BaiTHso5_1_project_RobotArmWithoutStack\GLSLExperiment\CLock.cpp(141,30): warning C4305: 'argument': truncation from 'double' to 'const GLfloat'
E:\CNDPT01-K17\Kỳ 4 {CNDPT}\DHMT\DHMT\BaiTHso5_1_project_RobotArmWithoutStack\GLSLExperiment\CLock.cpp(141,24): warning C4305: 'argument': truncation from 'double' to 'const GLfloat'
E:\CNDPT01-K17\Kỳ 4 {CNDPT}\DHMT\DHMT\BaiTHso5_1_project_RobotArmWithoutStack\GLSLExperiment\CLock.cpp(141,61): warning C4305: 'argument': truncation from 'double' to 'const GLfloat'
E:\CNDPT01-K17\Kỳ 4 {CNDPT}\DHMT\DHMT\BaiTHso5_1_project_RobotArmWithoutStack\GLSLExperiment\CLock.cpp(141,54): warning C4305: 'argument': truncation from 'double' to 'const GLfloat'
E:\CNDPT01-K17\Kỳ 4 {CNDPT}\DHMT\DHMT\BaiTHso5_1_project_RobotArmWithoutStack\GLSLExperiment\CLock.cpp(142,36): warning C4305: 'argument': truncation from 'double' to 'const GLfloat'
E:\CNDPT01-K17\Kỳ 4 {CNDPT}\DHMT\DHMT\BaiTHso5_1_project_RobotArmWithoutStack\GLSLExperiment\CLock.cpp(142,30): warning C4305: 'argument': truncation from 'double' to 'const GLfloat'
E:\CNDPT01-K17\Kỳ 4 {CNDPT}\DHMT\DHMT\BaiTHso5_1_project_RobotArmWithoutStack\GLSLExperiment\CLock.cpp(142,24): warning C4305: 'argument': truncation from 'double' to 'const GLfloat'
E:\CNDPT01-K17\Kỳ 4 {CNDPT}\DHMT\DHMT\BaiTHso5_1_project_RobotArmWithoutStack\GLSLExperiment\CLock.cpp(142,66): warning C4305: 'argument': truncation from 'double' to 'const GLfloat'
E:\CNDPT01-K17\Kỳ 4 {CNDPT}\DHMT\DHMT\BaiTHso5_1_project_RobotArmWithoutStack\GLSLExperiment\CLock.cpp(142,61): warning C4305: 'argument': truncation from 'double' to 'const GLfloat'
E:\CNDPT01-K17\Kỳ 4 {CNDPT}\DHMT\DHMT\BaiTHso5_1_project_RobotArmWithoutStack\GLSLExperiment\CLock.cpp(142,54): warning C4305: 'argument': truncation from 'double' to 'const GLfloat'
E:\CNDPT01-K17\Kỳ 4 {CNDPT}\DHMT\DHMT\BaiTHso5_1_project_RobotArmWithoutStack\GLSLExperiment\CLock.cpp(145,36): warning C4305: 'argument': truncation from 'double' to 'const GLfloat'
E:\CNDPT01-K17\Kỳ 4 {CNDPT}\DHMT\DHMT\BaiTHso5_1_project_RobotArmWithoutStack\GLSLExperiment\CLock.cpp(145,30): warning C4305: 'argument': truncation from 'double' to 'const GLfloat'
E:\CNDPT01-K17\Kỳ 4 {CNDPT}\DHMT\DHMT\BaiTHso5_1_project_RobotArmWithoutStack\GLSLExperiment\CLock.cpp(145,24): warning C4305: 'argument': truncation from 'double' to 'const GLfloat'
E:\CNDPT01-K17\Kỳ 4 {CNDPT}\DHMT\DHMT\BaiTHso5_1_project_RobotArmWithoutStack\GLSLExperiment\CLock.cpp(145,67): warning C4305: 'argument': truncation from 'double' to 'const GLfloat'
E:\CNDPT01-K17\Kỳ 4 {CNDPT}\DHMT\DHMT\BaiTHso5_1_project_RobotArmWithoutStack\GLSLExperiment\CLock.cpp(145,54): warning C4305: 'argument': truncation from 'double' to 'const GLfloat'
E:\CNDPT01-K17\Kỳ 4 {CNDPT}\DHMT\DHMT\BaiTHso5_1_project_RobotArmWithoutStack\GLSLExperiment\CLock.cpp(146,36): warning C4305: 'argument': truncation from 'double' to 'const GLfloat'
E:\CNDPT01-K17\Kỳ 4 {CNDPT}\DHMT\DHMT\BaiTHso5_1_project_RobotArmWithoutStack\GLSLExperiment\CLock.cpp(146,30): warning C4305: 'argument': truncation from 'double' to 'const GLfloat'
E:\CNDPT01-K17\Kỳ 4 {CNDPT}\DHMT\DHMT\BaiTHso5_1_project_RobotArmWithoutStack\GLSLExperiment\CLock.cpp(146,24): warning C4305: 'argument': truncation from 'double' to 'const GLfloat'
E:\CNDPT01-K17\Kỳ 4 {CNDPT}\DHMT\DHMT\BaiTHso5_1_project_RobotArmWithoutStack\GLSLExperiment\CLock.cpp(146,67): warning C4305: 'argument': truncation from 'double' to 'const GLfloat'
E:\CNDPT01-K17\Kỳ 4 {CNDPT}\DHMT\DHMT\BaiTHso5_1_project_RobotArmWithoutStack\GLSLExperiment\CLock.cpp(146,54): warning C4305: 'argument': truncation from 'double' to 'const GLfloat'
E:\CNDPT01-K17\Kỳ 4 {CNDPT}\DHMT\DHMT\BaiTHso5_1_project_RobotArmWithoutStack\GLSLExperiment\CLock.cpp(147,36): warning C4305: 'argument': truncation from 'double' to 'const GLfloat'
E:\CNDPT01-K17\Kỳ 4 {CNDPT}\DHMT\DHMT\BaiTHso5_1_project_RobotArmWithoutStack\GLSLExperiment\CLock.cpp(147,30): warning C4305: 'argument': truncation from 'double' to 'const GLfloat'
E:\CNDPT01-K17\Kỳ 4 {CNDPT}\DHMT\DHMT\BaiTHso5_1_project_RobotArmWithoutStack\GLSLExperiment\CLock.cpp(147,24): warning C4305: 'argument': truncation from 'double' to 'const GLfloat'
E:\CNDPT01-K17\Kỳ 4 {CNDPT}\DHMT\DHMT\BaiTHso5_1_project_RobotArmWithoutStack\GLSLExperiment\CLock.cpp(147,67): warning C4305: 'argument': truncation from 'double' to 'const GLfloat'
E:\CNDPT01-K17\Kỳ 4 {CNDPT}\DHMT\DHMT\BaiTHso5_1_project_RobotArmWithoutStack\GLSLExperiment\CLock.cpp(147,54): warning C4305: 'argument': truncation from 'double' to 'const GLfloat'
E:\CNDPT01-K17\Kỳ 4 {CNDPT}\DHMT\DHMT\BaiTHso5_1_project_RobotArmWithoutStack\GLSLExperiment\CLock.cpp(150,36): warning C4305: 'argument': truncation from 'double' to 'const GLfloat'
E:\CNDPT01-K17\Kỳ 4 {CNDPT}\DHMT\DHMT\BaiTHso5_1_project_RobotArmWithoutStack\GLSLExperiment\CLock.cpp(150,30): warning C4305: 'argument': truncation from 'double' to 'const GLfloat'
E:\CNDPT01-K17\Kỳ 4 {CNDPT}\DHMT\DHMT\BaiTHso5_1_project_RobotArmWithoutStack\GLSLExperiment\CLock.cpp(150,24): warning C4305: 'argument': truncation from 'double' to 'const GLfloat'
E:\CNDPT01-K17\Kỳ 4 {CNDPT}\DHMT\DHMT\BaiTHso5_1_project_RobotArmWithoutStack\GLSLExperiment\CLock.cpp(150,60): warning C4305: 'argument': truncation from 'double' to 'const GLfloat'
E:\CNDPT01-K17\Kỳ 4 {CNDPT}\DHMT\DHMT\BaiTHso5_1_project_RobotArmWithoutStack\GLSLExperiment\CLock.cpp(150,54): warning C4305: 'argument': truncation from 'double' to 'const GLfloat'
E:\CNDPT01-K17\Kỳ 4 {CNDPT}\DHMT\DHMT\BaiTHso5_1_project_RobotArmWithoutStack\GLSLExperiment\CLock.cpp(153,36): warning C4305: 'argument': truncation from 'double' to 'const GLfloat'
E:\CNDPT01-K17\Kỳ 4 {CNDPT}\DHMT\DHMT\BaiTHso5_1_project_RobotArmWithoutStack\GLSLExperiment\CLock.cpp(153,30): warning C4305: 'argument': truncation from 'double' to 'const GLfloat'
E:\CNDPT01-K17\Kỳ 4 {CNDPT}\DHMT\DHMT\BaiTHso5_1_project_RobotArmWithoutStack\GLSLExperiment\CLock.cpp(153,24): warning C4305: 'argument': truncation from 'double' to 'const GLfloat'
E:\CNDPT01-K17\Kỳ 4 {CNDPT}\DHMT\DHMT\BaiTHso5_1_project_RobotArmWithoutStack\GLSLExperiment\CLock.cpp(153,60): warning C4305: 'argument': truncation from 'double' to 'const GLfloat'
E:\CNDPT01-K17\Kỳ 4 {CNDPT}\DHMT\DHMT\BaiTHso5_1_project_RobotArmWithoutStack\GLSLExperiment\CLock.cpp(153,54): warning C4305: 'argument': truncation from 'double' to 'const GLfloat'
E:\CNDPT01-K17\Kỳ 4 {CNDPT}\DHMT\DHMT\BaiTHso5_1_project_RobotArmWithoutStack\GLSLExperiment\CLock.cpp(157,36): warning C4305: 'argument': truncation from 'double' to 'const GLfloat'
E:\CNDPT01-K17\Kỳ 4 {CNDPT}\DHMT\DHMT\BaiTHso5_1_project_RobotArmWithoutStack\GLSLExperiment\CLock.cpp(157,30): warning C4305: 'argument': truncation from 'double' to 'const GLfloat'
E:\CNDPT01-K17\Kỳ 4 {CNDPT}\DHMT\DHMT\BaiTHso5_1_project_RobotArmWithoutStack\GLSLExperiment\CLock.cpp(157,24): warning C4305: 'argument': truncation from 'double' to 'const GLfloat'
E:\CNDPT01-K17\Kỳ 4 {CNDPT}\DHMT\DHMT\BaiTHso5_1_project_RobotArmWithoutStack\GLSLExperiment\CLock.cpp(157,60): warning C4305: 'argument': truncation from 'double' to 'const GLfloat'
E:\CNDPT01-K17\Kỳ 4 {CNDPT}\DHMT\DHMT\BaiTHso5_1_project_RobotArmWithoutStack\GLSLExperiment\CLock.cpp(157,54): warning C4305: 'argument': truncation from 'double' to 'const GLfloat'
E:\CNDPT01-K17\Kỳ 4 {CNDPT}\DHMT\DHMT\BaiTHso5_1_project_RobotArmWithoutStack\GLSLExperiment\CLock.cpp(172,24): warning C4305: 'argument': truncation from 'double' to 'const GLfloat'
E:\CNDPT01-K17\Kỳ 4 {CNDPT}\DHMT\DHMT\BaiTHso5_1_project_RobotArmWithoutStack\GLSLExperiment\CLock.cpp(182,30): warning C4244: '=': conversion from 'double' to 'GLfloat', possible loss of data
E:\CNDPT01-K17\Kỳ 4 {CNDPT}\DHMT\DHMT\BaiTHso5_1_project_RobotArmWithoutStack\GLSLExperiment\CLock.cpp(183,35): warning C4244: '=': conversion from 'double' to 'GLfloat', possible loss of data
E:\CNDPT01-K17\Kỳ 4 {CNDPT}\DHMT\DHMT\BaiTHso5_1_project_RobotArmWithoutStack\GLSLExperiment\CLock.cpp(184,35): warning C4244: '=': conversion from 'double' to 'GLfloat', possible loss of data
E:\CNDPT01-K17\Kỳ 4 {CNDPT}\DHMT\DHMT\BaiTHso5_1_project_RobotArmWithoutStack\GLSLExperiment\CLock.cpp(210,12): warning C4305: '+=': truncation from 'double' to 'GLfloat'
E:\CNDPT01-K17\Kỳ 4 {CNDPT}\DHMT\DHMT\BaiTHso5_1_project_RobotArmWithoutStack\GLSLExperiment\CLock.cpp(213,12): warning C4305: '+=': truncation from 'double' to 'GLfloat'
E:\CNDPT01-K17\Kỳ 4 {CNDPT}\DHMT\DHMT\BaiTHso5_1_project_RobotArmWithoutStack\GLSLExperiment\CLock.cpp(216,12): warning C4305: '+=': truncation from 'double' to 'GLfloat'
E:\CNDPT01-K17\Kỳ 4 {CNDPT}\DHMT\DHMT\BaiTHso5_1_project_RobotArmWithoutStack\GLSLExperiment\CLock.cpp(219,12): warning C4305: '+=': truncation from 'double' to 'GLfloat'
  Generating Code...
  Skipping... (no relevant changes detected)
  InitShader.cpp
  GLSLExperiment.vcxproj -> E:\CNDPT01-K17\Kỳ 4 {CNDPT}\DHMT\DHMT\BaiTHso5_1_project_RobotArmWithoutStack\Debug\Clock.exe
